{"/home/dany/Desktop/github-invariantcontinuum/graph/graph_main_wasm.js": {"path":"/home/dany/Desktop/github-invariantcontinuum/graph/graph_main_wasm.js","all":true,"statementMap":{"0":{"start":{"line":1,"column":0},"end":{"line":1,"column":45}},"1":{"start":{"line":2,"column":0},"end":{"line":2,"column":0}},"2":{"start":{"line":3,"column":0},"end":{"line":3,"column":27}},"3":{"start":{"line":4,"column":0},"end":{"line":4,"column":26}},"4":{"start":{"line":5,"column":0},"end":{"line":5,"column":35}},"5":{"start":{"line":6,"column":0},"end":{"line":6,"column":27}},"6":{"start":{"line":7,"column":0},"end":{"line":7,"column":50}},"7":{"start":{"line":8,"column":0},"end":{"line":8,"column":19}},"8":{"start":{"line":9,"column":0},"end":{"line":9,"column":5}},"9":{"start":{"line":10,"column":0},"end":{"line":10,"column":12}},"10":{"start":{"line":11,"column":0},"end":{"line":11,"column":46}},"11":{"start":{"line":12,"column":0},"end":{"line":12,"column":45}},"12":{"start":{"line":13,"column":0},"end":{"line":13,"column":5}},"13":{"start":{"line":14,"column":0},"end":{"line":14,"column":7}},"14":{"start":{"line":15,"column":0},"end":{"line":15,"column":40}},"15":{"start":{"line":16,"column":0},"end":{"line":16,"column":7}},"16":{"start":{"line":17,"column":0},"end":{"line":17,"column":25}},"17":{"start":{"line":18,"column":0},"end":{"line":18,"column":53}},"18":{"start":{"line":19,"column":0},"end":{"line":19,"column":21}},"19":{"start":{"line":20,"column":0},"end":{"line":20,"column":50}},"20":{"start":{"line":21,"column":0},"end":{"line":21,"column":9}},"21":{"start":{"line":22,"column":0},"end":{"line":22,"column":38}},"22":{"start":{"line":23,"column":0},"end":{"line":23,"column":70}},"23":{"start":{"line":24,"column":0},"end":{"line":24,"column":20}},"24":{"start":{"line":25,"column":0},"end":{"line":25,"column":5}},"25":{"start":{"line":26,"column":0},"end":{"line":26,"column":7}},"26":{"start":{"line":27,"column":0},"end":{"line":27,"column":78}},"27":{"start":{"line":28,"column":0},"end":{"line":28,"column":74}},"28":{"start":{"line":29,"column":0},"end":{"line":29,"column":77}},"29":{"start":{"line":30,"column":0},"end":{"line":30,"column":51}},"30":{"start":{"line":31,"column":0},"end":{"line":31,"column":21}},"31":{"start":{"line":32,"column":0},"end":{"line":32,"column":7}},"32":{"start":{"line":33,"column":0},"end":{"line":33,"column":25}},"33":{"start":{"line":34,"column":0},"end":{"line":34,"column":72}},"34":{"start":{"line":35,"column":0},"end":{"line":35,"column":19}},"35":{"start":{"line":36,"column":0},"end":{"line":36,"column":5}},"36":{"start":{"line":37,"column":0},"end":{"line":37,"column":7}},"37":{"start":{"line":38,"column":0},"end":{"line":38,"column":74}},"38":{"start":{"line":39,"column":0},"end":{"line":39,"column":74}},"39":{"start":{"line":40,"column":0},"end":{"line":40,"column":40}},"40":{"start":{"line":41,"column":0},"end":{"line":41,"column":21}},"41":{"start":{"line":42,"column":0},"end":{"line":42,"column":7}},"42":{"start":{"line":43,"column":0},"end":{"line":43,"column":29}},"43":{"start":{"line":44,"column":0},"end":{"line":44,"column":76}},"44":{"start":{"line":45,"column":0},"end":{"line":45,"column":19}},"45":{"start":{"line":46,"column":0},"end":{"line":46,"column":5}},"46":{"start":{"line":47,"column":0},"end":{"line":47,"column":7}},"47":{"start":{"line":48,"column":0},"end":{"line":48,"column":76}},"48":{"start":{"line":49,"column":0},"end":{"line":49,"column":73}},"49":{"start":{"line":50,"column":0},"end":{"line":50,"column":78}},"50":{"start":{"line":51,"column":0},"end":{"line":51,"column":38}},"51":{"start":{"line":52,"column":0},"end":{"line":52,"column":33}},"52":{"start":{"line":53,"column":0},"end":{"line":53,"column":7}},"53":{"start":{"line":54,"column":0},"end":{"line":54,"column":21}},"54":{"start":{"line":55,"column":0},"end":{"line":55,"column":58}},"55":{"start":{"line":56,"column":0},"end":{"line":56,"column":5}},"56":{"start":{"line":57,"column":0},"end":{"line":57,"column":7}},"57":{"start":{"line":58,"column":0},"end":{"line":58,"column":87}},"58":{"start":{"line":59,"column":0},"end":{"line":59,"column":71}},"59":{"start":{"line":60,"column":0},"end":{"line":60,"column":44}},"60":{"start":{"line":61,"column":0},"end":{"line":61,"column":33}},"61":{"start":{"line":62,"column":0},"end":{"line":62,"column":7}},"62":{"start":{"line":63,"column":0},"end":{"line":63,"column":31}},"63":{"start":{"line":64,"column":0},"end":{"line":64,"column":111}},"64":{"start":{"line":65,"column":0},"end":{"line":65,"column":35}},"65":{"start":{"line":66,"column":0},"end":{"line":66,"column":76}},"66":{"start":{"line":67,"column":0},"end":{"line":67,"column":5}},"67":{"start":{"line":68,"column":0},"end":{"line":68,"column":7}},"68":{"start":{"line":69,"column":0},"end":{"line":69,"column":32}},"69":{"start":{"line":70,"column":0},"end":{"line":70,"column":25}},"70":{"start":{"line":71,"column":0},"end":{"line":71,"column":7}},"71":{"start":{"line":72,"column":0},"end":{"line":72,"column":22}},"72":{"start":{"line":73,"column":0},"end":{"line":73,"column":71}},"73":{"start":{"line":74,"column":0},"end":{"line":74,"column":25}},"74":{"start":{"line":75,"column":0},"end":{"line":75,"column":5}},"75":{"start":{"line":76,"column":0},"end":{"line":76,"column":7}},"76":{"start":{"line":77,"column":0},"end":{"line":77,"column":21}},"77":{"start":{"line":78,"column":0},"end":{"line":78,"column":7}},"78":{"start":{"line":79,"column":0},"end":{"line":79,"column":18}},"79":{"start":{"line":80,"column":0},"end":{"line":80,"column":65}},"80":{"start":{"line":81,"column":0},"end":{"line":81,"column":19}},"81":{"start":{"line":82,"column":0},"end":{"line":82,"column":5}},"82":{"start":{"line":83,"column":0},"end":{"line":83,"column":7}},"83":{"start":{"line":84,"column":0},"end":{"line":84,"column":31}},"84":{"start":{"line":85,"column":0},"end":{"line":85,"column":31}},"85":{"start":{"line":86,"column":0},"end":{"line":86,"column":36}},"86":{"start":{"line":87,"column":0},"end":{"line":87,"column":7}},"87":{"start":{"line":88,"column":0},"end":{"line":88,"column":38}},"88":{"start":{"line":89,"column":0},"end":{"line":89,"column":87}},"89":{"start":{"line":90,"column":0},"end":{"line":90,"column":15}},"90":{"start":{"line":91,"column":0},"end":{"line":91,"column":27}},"91":{"start":{"line":92,"column":0},"end":{"line":92,"column":60}},"92":{"start":{"line":93,"column":0},"end":{"line":93,"column":56}},"93":{"start":{"line":94,"column":0},"end":{"line":94,"column":9}},"94":{"start":{"line":95,"column":0},"end":{"line":95,"column":18}},"95":{"start":{"line":96,"column":0},"end":{"line":96,"column":5}},"96":{"start":{"line":97,"column":0},"end":{"line":97,"column":7}},"97":{"start":{"line":98,"column":0},"end":{"line":98,"column":31}},"98":{"start":{"line":99,"column":0},"end":{"line":99,"column":31}},"99":{"start":{"line":100,"column":0},"end":{"line":100,"column":36}},"100":{"start":{"line":101,"column":0},"end":{"line":101,"column":7}},"101":{"start":{"line":102,"column":0},"end":{"line":102,"column":38}},"102":{"start":{"line":103,"column":0},"end":{"line":103,"column":87}},"103":{"start":{"line":104,"column":0},"end":{"line":104,"column":15}},"104":{"start":{"line":105,"column":0},"end":{"line":105,"column":27}},"105":{"start":{"line":106,"column":0},"end":{"line":106,"column":60}},"106":{"start":{"line":107,"column":0},"end":{"line":107,"column":56}},"107":{"start":{"line":108,"column":0},"end":{"line":108,"column":9}},"108":{"start":{"line":109,"column":0},"end":{"line":109,"column":18}},"109":{"start":{"line":110,"column":0},"end":{"line":110,"column":5}},"110":{"start":{"line":111,"column":0},"end":{"line":111,"column":7}},"111":{"start":{"line":112,"column":0},"end":{"line":112,"column":81}},"112":{"start":{"line":113,"column":0},"end":{"line":113,"column":16}},"113":{"start":{"line":114,"column":0},"end":{"line":114,"column":7}},"114":{"start":{"line":115,"column":0},"end":{"line":115,"column":28}},"115":{"start":{"line":116,"column":0},"end":{"line":116,"column":63}},"116":{"start":{"line":117,"column":0},"end":{"line":117,"column":5}},"117":{"start":{"line":118,"column":0},"end":{"line":118,"column":7}},"118":{"start":{"line":119,"column":0},"end":{"line":119,"column":77}},"119":{"start":{"line":120,"column":0},"end":{"line":120,"column":31}},"120":{"start":{"line":121,"column":0},"end":{"line":121,"column":31}},"121":{"start":{"line":122,"column":0},"end":{"line":122,"column":7}},"122":{"start":{"line":123,"column":0},"end":{"line":123,"column":47}},"123":{"start":{"line":124,"column":0},"end":{"line":124,"column":84}},"124":{"start":{"line":125,"column":0},"end":{"line":125,"column":5}},"125":{"start":{"line":126,"column":0},"end":{"line":126,"column":7}},"126":{"start":{"line":127,"column":0},"end":{"line":127,"column":63}},"127":{"start":{"line":128,"column":0},"end":{"line":128,"column":78}},"128":{"start":{"line":129,"column":0},"end":{"line":129,"column":25}},"129":{"start":{"line":130,"column":0},"end":{"line":130,"column":31}},"130":{"start":{"line":131,"column":0},"end":{"line":131,"column":31}},"131":{"start":{"line":132,"column":0},"end":{"line":132,"column":36}},"132":{"start":{"line":133,"column":0},"end":{"line":133,"column":7}},"133":{"start":{"line":134,"column":0},"end":{"line":134,"column":48}},"134":{"start":{"line":135,"column":0},"end":{"line":135,"column":97}},"135":{"start":{"line":136,"column":0},"end":{"line":136,"column":15}},"136":{"start":{"line":137,"column":0},"end":{"line":137,"column":27}},"137":{"start":{"line":138,"column":0},"end":{"line":138,"column":60}},"138":{"start":{"line":139,"column":0},"end":{"line":139,"column":56}},"139":{"start":{"line":140,"column":0},"end":{"line":140,"column":9}},"140":{"start":{"line":141,"column":0},"end":{"line":141,"column":18}},"141":{"start":{"line":142,"column":0},"end":{"line":142,"column":5}},"142":{"start":{"line":143,"column":0},"end":{"line":143,"column":22}},"143":{"start":{"line":144,"column":0},"end":{"line":144,"column":57}},"144":{"start":{"line":145,"column":0},"end":{"line":145,"column":5}},"145":{"start":{"line":146,"column":0},"end":{"line":146,"column":7}},"146":{"start":{"line":147,"column":0},"end":{"line":147,"column":24}},"147":{"start":{"line":148,"column":0},"end":{"line":148,"column":24}},"148":{"start":{"line":149,"column":0},"end":{"line":149,"column":7}},"149":{"start":{"line":150,"column":0},"end":{"line":150,"column":27}},"150":{"start":{"line":151,"column":0},"end":{"line":151,"column":64}},"151":{"start":{"line":152,"column":0},"end":{"line":152,"column":5}},"152":{"start":{"line":153,"column":0},"end":{"line":153,"column":7}},"153":{"start":{"line":154,"column":0},"end":{"line":154,"column":24}},"154":{"start":{"line":155,"column":0},"end":{"line":155,"column":24}},"155":{"start":{"line":156,"column":0},"end":{"line":156,"column":7}},"156":{"start":{"line":157,"column":0},"end":{"line":157,"column":28}},"157":{"start":{"line":158,"column":0},"end":{"line":158,"column":65}},"158":{"start":{"line":159,"column":0},"end":{"line":159,"column":5}},"159":{"start":{"line":160,"column":0},"end":{"line":160,"column":7}},"160":{"start":{"line":161,"column":0},"end":{"line":161,"column":28}},"161":{"start":{"line":162,"column":0},"end":{"line":162,"column":24}},"162":{"start":{"line":163,"column":0},"end":{"line":163,"column":24}},"163":{"start":{"line":164,"column":0},"end":{"line":164,"column":7}},"164":{"start":{"line":165,"column":0},"end":{"line":165,"column":30}},"165":{"start":{"line":166,"column":0},"end":{"line":166,"column":67}},"166":{"start":{"line":167,"column":0},"end":{"line":167,"column":5}},"167":{"start":{"line":168,"column":0},"end":{"line":168,"column":7}},"168":{"start":{"line":169,"column":0},"end":{"line":169,"column":25}},"169":{"start":{"line":170,"column":0},"end":{"line":170,"column":7}},"170":{"start":{"line":171,"column":0},"end":{"line":171,"column":19}},"171":{"start":{"line":172,"column":0},"end":{"line":172,"column":66}},"172":{"start":{"line":173,"column":0},"end":{"line":173,"column":25}},"173":{"start":{"line":174,"column":0},"end":{"line":174,"column":5}},"174":{"start":{"line":175,"column":0},"end":{"line":175,"column":7}},"175":{"start":{"line":176,"column":0},"end":{"line":176,"column":72}},"176":{"start":{"line":177,"column":0},"end":{"line":177,"column":73}},"177":{"start":{"line":178,"column":0},"end":{"line":178,"column":72}},"178":{"start":{"line":179,"column":0},"end":{"line":179,"column":70}},"179":{"start":{"line":180,"column":0},"end":{"line":180,"column":72}},"180":{"start":{"line":181,"column":0},"end":{"line":181,"column":68}},"181":{"start":{"line":182,"column":0},"end":{"line":182,"column":25}},"182":{"start":{"line":183,"column":0},"end":{"line":183,"column":7}},"183":{"start":{"line":184,"column":0},"end":{"line":184,"column":21}},"184":{"start":{"line":185,"column":0},"end":{"line":185,"column":92}},"185":{"start":{"line":186,"column":0},"end":{"line":186,"column":37}},"186":{"start":{"line":187,"column":0},"end":{"line":187,"column":66}},"187":{"start":{"line":188,"column":0},"end":{"line":188,"column":5}},"188":{"start":{"line":189,"column":0},"end":{"line":189,"column":7}},"189":{"start":{"line":190,"column":0},"end":{"line":190,"column":75}},"190":{"start":{"line":191,"column":0},"end":{"line":191,"column":7}},"191":{"start":{"line":192,"column":0},"end":{"line":192,"column":17}},"192":{"start":{"line":193,"column":0},"end":{"line":193,"column":52}},"193":{"start":{"line":194,"column":0},"end":{"line":194,"column":5}},"194":{"start":{"line":195,"column":0},"end":{"line":195,"column":22}},"195":{"start":{"line":196,"column":0},"end":{"line":196,"column":57}},"196":{"start":{"line":197,"column":0},"end":{"line":197,"column":5}},"197":{"start":{"line":198,"column":0},"end":{"line":198,"column":7}},"198":{"start":{"line":199,"column":0},"end":{"line":199,"column":28}},"199":{"start":{"line":200,"column":0},"end":{"line":200,"column":7}},"200":{"start":{"line":201,"column":0},"end":{"line":201,"column":31}},"201":{"start":{"line":202,"column":0},"end":{"line":202,"column":68}},"202":{"start":{"line":203,"column":0},"end":{"line":203,"column":5}},"203":{"start":{"line":204,"column":0},"end":{"line":204,"column":7}},"204":{"start":{"line":205,"column":0},"end":{"line":205,"column":26}},"205":{"start":{"line":206,"column":0},"end":{"line":206,"column":28}},"206":{"start":{"line":207,"column":0},"end":{"line":207,"column":7}},"207":{"start":{"line":208,"column":0},"end":{"line":208,"column":41}},"208":{"start":{"line":209,"column":0},"end":{"line":209,"column":90}},"209":{"start":{"line":210,"column":0},"end":{"line":210,"column":21}},"210":{"start":{"line":211,"column":0},"end":{"line":211,"column":50}},"211":{"start":{"line":212,"column":0},"end":{"line":212,"column":9}},"212":{"start":{"line":213,"column":0},"end":{"line":213,"column":5}},"213":{"start":{"line":214,"column":0},"end":{"line":214,"column":7}},"214":{"start":{"line":215,"column":0},"end":{"line":215,"column":29}},"215":{"start":{"line":216,"column":0},"end":{"line":216,"column":7}},"216":{"start":{"line":217,"column":0},"end":{"line":217,"column":30}},"217":{"start":{"line":218,"column":0},"end":{"line":218,"column":75}},"218":{"start":{"line":219,"column":0},"end":{"line":219,"column":37}},"219":{"start":{"line":220,"column":0},"end":{"line":220,"column":73}},"220":{"start":{"line":221,"column":0},"end":{"line":221,"column":5}},"221":{"start":{"line":222,"column":0},"end":{"line":222,"column":7}},"222":{"start":{"line":223,"column":0},"end":{"line":223,"column":80}},"223":{"start":{"line":224,"column":0},"end":{"line":224,"column":31}},"224":{"start":{"line":225,"column":0},"end":{"line":225,"column":6}},"225":{"start":{"line":226,"column":0},"end":{"line":226,"column":75}},"226":{"start":{"line":227,"column":0},"end":{"line":227,"column":80}},"227":{"start":{"line":228,"column":0},"end":{"line":228,"column":69}},"228":{"start":{"line":229,"column":0},"end":{"line":229,"column":74}},"229":{"start":{"line":230,"column":0},"end":{"line":230,"column":74}},"230":{"start":{"line":231,"column":0},"end":{"line":231,"column":79}},"231":{"start":{"line":232,"column":0},"end":{"line":232,"column":78}},"232":{"start":{"line":233,"column":0},"end":{"line":233,"column":6}},"233":{"start":{"line":234,"column":0},"end":{"line":234,"column":66}},"234":{"start":{"line":235,"column":0},"end":{"line":235,"column":76}},"235":{"start":{"line":236,"column":0},"end":{"line":236,"column":71}},"236":{"start":{"line":237,"column":0},"end":{"line":237,"column":68}},"237":{"start":{"line":238,"column":0},"end":{"line":238,"column":74}},"238":{"start":{"line":239,"column":0},"end":{"line":239,"column":74}},"239":{"start":{"line":240,"column":0},"end":{"line":240,"column":74}},"240":{"start":{"line":241,"column":0},"end":{"line":241,"column":76}},"241":{"start":{"line":242,"column":0},"end":{"line":242,"column":77}},"242":{"start":{"line":243,"column":0},"end":{"line":243,"column":6}},"243":{"start":{"line":244,"column":0},"end":{"line":244,"column":79}},"244":{"start":{"line":245,"column":0},"end":{"line":245,"column":78}},"245":{"start":{"line":246,"column":0},"end":{"line":246,"column":78}},"246":{"start":{"line":247,"column":0},"end":{"line":247,"column":78}},"247":{"start":{"line":248,"column":0},"end":{"line":248,"column":73}},"248":{"start":{"line":249,"column":0},"end":{"line":249,"column":34}},"249":{"start":{"line":250,"column":0},"end":{"line":250,"column":7}},"250":{"start":{"line":251,"column":0},"end":{"line":251,"column":19}},"251":{"start":{"line":252,"column":0},"end":{"line":252,"column":111}},"252":{"start":{"line":253,"column":0},"end":{"line":253,"column":35}},"253":{"start":{"line":254,"column":0},"end":{"line":254,"column":64}},"254":{"start":{"line":255,"column":0},"end":{"line":255,"column":5}},"255":{"start":{"line":256,"column":0},"end":{"line":256,"column":7}},"256":{"start":{"line":257,"column":0},"end":{"line":257,"column":28}},"257":{"start":{"line":258,"column":0},"end":{"line":258,"column":7}},"258":{"start":{"line":259,"column":0},"end":{"line":259,"column":23}},"259":{"start":{"line":260,"column":0},"end":{"line":260,"column":74}},"260":{"start":{"line":261,"column":0},"end":{"line":261,"column":37}},"261":{"start":{"line":262,"column":0},"end":{"line":262,"column":67}},"262":{"start":{"line":263,"column":0},"end":{"line":263,"column":5}},"263":{"start":{"line":264,"column":0},"end":{"line":264,"column":7}},"264":{"start":{"line":265,"column":0},"end":{"line":265,"column":26}},"265":{"start":{"line":266,"column":0},"end":{"line":266,"column":28}},"266":{"start":{"line":267,"column":0},"end":{"line":267,"column":31}},"267":{"start":{"line":268,"column":0},"end":{"line":268,"column":7}},"268":{"start":{"line":269,"column":0},"end":{"line":269,"column":54}},"269":{"start":{"line":270,"column":0},"end":{"line":270,"column":103}},"270":{"start":{"line":271,"column":0},"end":{"line":271,"column":21}},"271":{"start":{"line":272,"column":0},"end":{"line":272,"column":50}},"272":{"start":{"line":273,"column":0},"end":{"line":273,"column":9}},"273":{"start":{"line":274,"column":0},"end":{"line":274,"column":5}},"274":{"start":{"line":275,"column":0},"end":{"line":275,"column":7}},"275":{"start":{"line":276,"column":0},"end":{"line":276,"column":28}},"276":{"start":{"line":277,"column":0},"end":{"line":277,"column":7}},"277":{"start":{"line":278,"column":0},"end":{"line":278,"column":25}},"278":{"start":{"line":279,"column":0},"end":{"line":279,"column":74}},"279":{"start":{"line":280,"column":0},"end":{"line":280,"column":21}},"280":{"start":{"line":281,"column":0},"end":{"line":281,"column":50}},"281":{"start":{"line":282,"column":0},"end":{"line":282,"column":9}},"282":{"start":{"line":283,"column":0},"end":{"line":283,"column":5}},"283":{"start":{"line":284,"column":0},"end":{"line":284,"column":7}},"284":{"start":{"line":285,"column":0},"end":{"line":285,"column":75}},"285":{"start":{"line":286,"column":0},"end":{"line":286,"column":85}},"286":{"start":{"line":287,"column":0},"end":{"line":287,"column":88}},"287":{"start":{"line":288,"column":0},"end":{"line":288,"column":27}},"288":{"start":{"line":289,"column":0},"end":{"line":289,"column":24}},"289":{"start":{"line":290,"column":0},"end":{"line":290,"column":7}},"290":{"start":{"line":291,"column":0},"end":{"line":291,"column":25}},"291":{"start":{"line":292,"column":0},"end":{"line":292,"column":74}},"292":{"start":{"line":293,"column":0},"end":{"line":293,"column":25}},"293":{"start":{"line":294,"column":0},"end":{"line":294,"column":5}},"294":{"start":{"line":295,"column":0},"end":{"line":295,"column":7}},"295":{"start":{"line":296,"column":0},"end":{"line":296,"column":87}},"296":{"start":{"line":297,"column":0},"end":{"line":297,"column":105}},"297":{"start":{"line":298,"column":0},"end":{"line":298,"column":27}},"298":{"start":{"line":299,"column":0},"end":{"line":299,"column":7}},"299":{"start":{"line":300,"column":0},"end":{"line":300,"column":25}},"300":{"start":{"line":301,"column":0},"end":{"line":301,"column":62}},"301":{"start":{"line":302,"column":0},"end":{"line":302,"column":5}},"302":{"start":{"line":303,"column":0},"end":{"line":303,"column":7}},"303":{"start":{"line":304,"column":0},"end":{"line":304,"column":72}},"304":{"start":{"line":305,"column":0},"end":{"line":305,"column":26}},"305":{"start":{"line":306,"column":0},"end":{"line":306,"column":7}},"306":{"start":{"line":307,"column":0},"end":{"line":307,"column":28}},"307":{"start":{"line":308,"column":0},"end":{"line":308,"column":65}},"308":{"start":{"line":309,"column":0},"end":{"line":309,"column":5}},"309":{"start":{"line":310,"column":0},"end":{"line":310,"column":7}},"310":{"start":{"line":311,"column":0},"end":{"line":311,"column":38}},"311":{"start":{"line":312,"column":0},"end":{"line":312,"column":33}},"312":{"start":{"line":313,"column":0},"end":{"line":313,"column":7}},"313":{"start":{"line":314,"column":0},"end":{"line":314,"column":41}},"314":{"start":{"line":315,"column":0},"end":{"line":315,"column":76}},"315":{"start":{"line":316,"column":0},"end":{"line":316,"column":37}},"316":{"start":{"line":317,"column":0},"end":{"line":317,"column":79}},"317":{"start":{"line":318,"column":0},"end":{"line":318,"column":5}},"318":{"start":{"line":319,"column":0},"end":{"line":319,"column":7}},"319":{"start":{"line":320,"column":0},"end":{"line":320,"column":38}},"320":{"start":{"line":321,"column":0},"end":{"line":321,"column":32}},"321":{"start":{"line":322,"column":0},"end":{"line":322,"column":7}},"322":{"start":{"line":323,"column":0},"end":{"line":323,"column":40}},"323":{"start":{"line":324,"column":0},"end":{"line":324,"column":76}},"324":{"start":{"line":325,"column":0},"end":{"line":325,"column":37}},"325":{"start":{"line":326,"column":0},"end":{"line":326,"column":70}},"326":{"start":{"line":327,"column":0},"end":{"line":327,"column":37}},"327":{"start":{"line":328,"column":0},"end":{"line":328,"column":83}},"328":{"start":{"line":329,"column":0},"end":{"line":329,"column":5}},"329":{"start":{"line":330,"column":0},"end":{"line":330,"column":7}},"330":{"start":{"line":331,"column":0},"end":{"line":331,"column":48}},"331":{"start":{"line":332,"column":0},"end":{"line":332,"column":7}},"332":{"start":{"line":333,"column":0},"end":{"line":333,"column":15}},"333":{"start":{"line":334,"column":0},"end":{"line":334,"column":50}},"334":{"start":{"line":335,"column":0},"end":{"line":335,"column":5}},"335":{"start":{"line":336,"column":0},"end":{"line":336,"column":16}},"336":{"start":{"line":337,"column":0},"end":{"line":337,"column":51}},"337":{"start":{"line":338,"column":0},"end":{"line":338,"column":5}},"338":{"start":{"line":339,"column":0},"end":{"line":339,"column":1}},"339":{"start":{"line":340,"column":0},"end":{"line":340,"column":89}},"340":{"start":{"line":341,"column":0},"end":{"line":341,"column":0}},"341":{"start":{"line":342,"column":0},"end":{"line":342,"column":24}},"342":{"start":{"line":343,"column":0},"end":{"line":343,"column":16}},"343":{"start":{"line":344,"column":0},"end":{"line":344,"column":1}},"344":{"start":{"line":345,"column":0},"end":{"line":345,"column":0}},"345":{"start":{"line":346,"column":0},"end":{"line":346,"column":30}},"346":{"start":{"line":347,"column":0},"end":{"line":347,"column":21}},"347":{"start":{"line":348,"column":0},"end":{"line":348,"column":24}},"348":{"start":{"line":349,"column":0},"end":{"line":349,"column":60}},"349":{"start":{"line":350,"column":0},"end":{"line":350,"column":66}},"350":{"start":{"line":351,"column":0},"end":{"line":351,"column":23}},"351":{"start":{"line":352,"column":0},"end":{"line":352,"column":10}},"352":{"start":{"line":353,"column":0},"end":{"line":353,"column":55}},"353":{"start":{"line":354,"column":0},"end":{"line":354,"column":37}},"354":{"start":{"line":355,"column":0},"end":{"line":355,"column":23}},"355":{"start":{"line":356,"column":0},"end":{"line":356,"column":10}},"356":{"start":{"line":357,"column":0},"end":{"line":357,"column":61}},"357":{"start":{"line":358,"column":0},"end":{"line":358,"column":37}},"358":{"start":{"line":359,"column":0},"end":{"line":359,"column":97}},"359":{"start":{"line":360,"column":0},"end":{"line":360,"column":41}},"360":{"start":{"line":361,"column":0},"end":{"line":361,"column":68}},"361":{"start":{"line":362,"column":0},"end":{"line":362,"column":68}},"362":{"start":{"line":363,"column":0},"end":{"line":363,"column":10}},"363":{"start":{"line":364,"column":0},"end":{"line":364,"column":71}},"364":{"start":{"line":365,"column":0},"end":{"line":365,"column":27}},"365":{"start":{"line":366,"column":0},"end":{"line":366,"column":64}},"366":{"start":{"line":367,"column":0},"end":{"line":367,"column":60}},"367":{"start":{"line":368,"column":0},"end":{"line":368,"column":10}},"368":{"start":{"line":369,"column":0},"end":{"line":369,"column":78}},"369":{"start":{"line":370,"column":0},"end":{"line":370,"column":42}},"370":{"start":{"line":371,"column":0},"end":{"line":371,"column":97}},"371":{"start":{"line":372,"column":0},"end":{"line":372,"column":41}},"372":{"start":{"line":373,"column":0},"end":{"line":373,"column":68}},"373":{"start":{"line":374,"column":0},"end":{"line":374,"column":68}},"374":{"start":{"line":375,"column":0},"end":{"line":375,"column":10}},"375":{"start":{"line":376,"column":0},"end":{"line":376,"column":68}},"376":{"start":{"line":377,"column":0},"end":{"line":377,"column":37}},"377":{"start":{"line":378,"column":0},"end":{"line":378,"column":23}},"378":{"start":{"line":379,"column":0},"end":{"line":379,"column":10}},"379":{"start":{"line":380,"column":0},"end":{"line":380,"column":71}},"380":{"start":{"line":381,"column":0},"end":{"line":381,"column":52}},"381":{"start":{"line":382,"column":0},"end":{"line":382,"column":23}},"382":{"start":{"line":383,"column":0},"end":{"line":383,"column":10}},"383":{"start":{"line":384,"column":0},"end":{"line":384,"column":69}},"384":{"start":{"line":385,"column":0},"end":{"line":385,"column":29}},"385":{"start":{"line":386,"column":0},"end":{"line":386,"column":65}},"386":{"start":{"line":387,"column":0},"end":{"line":387,"column":23}},"387":{"start":{"line":388,"column":0},"end":{"line":388,"column":10}},"388":{"start":{"line":389,"column":0},"end":{"line":389,"column":69}},"389":{"start":{"line":390,"column":0},"end":{"line":390,"column":50}},"390":{"start":{"line":391,"column":0},"end":{"line":391,"column":23}},"391":{"start":{"line":392,"column":0},"end":{"line":392,"column":10}},"392":{"start":{"line":393,"column":0},"end":{"line":393,"column":72}},"393":{"start":{"line":394,"column":0},"end":{"line":394,"column":43}},"394":{"start":{"line":395,"column":0},"end":{"line":395,"column":23}},"395":{"start":{"line":396,"column":0},"end":{"line":396,"column":10}},"396":{"start":{"line":397,"column":0},"end":{"line":397,"column":80}},"397":{"start":{"line":398,"column":0},"end":{"line":398,"column":37}},"398":{"start":{"line":399,"column":0},"end":{"line":399,"column":23}},"399":{"start":{"line":400,"column":0},"end":{"line":400,"column":10}},"400":{"start":{"line":401,"column":0},"end":{"line":401,"column":76}},"401":{"start":{"line":402,"column":0},"end":{"line":402,"column":29}},"402":{"start":{"line":403,"column":0},"end":{"line":403,"column":67}},"403":{"start":{"line":404,"column":0},"end":{"line":404,"column":91}},"404":{"start":{"line":405,"column":0},"end":{"line":405,"column":80}},"405":{"start":{"line":406,"column":0},"end":{"line":406,"column":10}},"406":{"start":{"line":407,"column":0},"end":{"line":407,"column":76}},"407":{"start":{"line":408,"column":0},"end":{"line":408,"column":29}},"408":{"start":{"line":409,"column":0},"end":{"line":409,"column":67}},"409":{"start":{"line":410,"column":0},"end":{"line":410,"column":117}},"410":{"start":{"line":411,"column":0},"end":{"line":411,"column":39}},"411":{"start":{"line":412,"column":0},"end":{"line":412,"column":68}},"412":{"start":{"line":413,"column":0},"end":{"line":413,"column":68}},"413":{"start":{"line":414,"column":0},"end":{"line":414,"column":10}},"414":{"start":{"line":415,"column":0},"end":{"line":415,"column":71}},"415":{"start":{"line":416,"column":0},"end":{"line":416,"column":64}},"416":{"start":{"line":417,"column":0},"end":{"line":417,"column":10}},"417":{"start":{"line":418,"column":0},"end":{"line":418,"column":68}},"418":{"start":{"line":419,"column":0},"end":{"line":419,"column":43}},"419":{"start":{"line":420,"column":0},"end":{"line":420,"column":10}},"420":{"start":{"line":421,"column":0},"end":{"line":421,"column":73}},"421":{"start":{"line":422,"column":0},"end":{"line":422,"column":42}},"422":{"start":{"line":423,"column":0},"end":{"line":423,"column":10}},"423":{"start":{"line":424,"column":0},"end":{"line":424,"column":71}},"424":{"start":{"line":425,"column":0},"end":{"line":425,"column":46}},"425":{"start":{"line":426,"column":0},"end":{"line":426,"column":10}},"426":{"start":{"line":427,"column":0},"end":{"line":427,"column":72}},"427":{"start":{"line":428,"column":0},"end":{"line":428,"column":47}},"428":{"start":{"line":429,"column":0},"end":{"line":429,"column":10}},"429":{"start":{"line":430,"column":0},"end":{"line":430,"column":70}},"430":{"start":{"line":431,"column":0},"end":{"line":431,"column":39}},"431":{"start":{"line":432,"column":0},"end":{"line":432,"column":10}},"432":{"start":{"line":433,"column":0},"end":{"line":433,"column":70}},"433":{"start":{"line":434,"column":0},"end":{"line":434,"column":51}},"434":{"start":{"line":435,"column":0},"end":{"line":435,"column":10}},"435":{"start":{"line":436,"column":0},"end":{"line":436,"column":77}},"436":{"start":{"line":437,"column":0},"end":{"line":437,"column":58}},"437":{"start":{"line":438,"column":0},"end":{"line":438,"column":10}},"438":{"start":{"line":439,"column":0},"end":{"line":439,"column":96}},"439":{"start":{"line":440,"column":0},"end":{"line":440,"column":40}},"440":{"start":{"line":441,"column":0},"end":{"line":441,"column":23}},"441":{"start":{"line":442,"column":0},"end":{"line":442,"column":25}},"442":{"start":{"line":443,"column":0},"end":{"line":443,"column":102}},"443":{"start":{"line":444,"column":0},"end":{"line":444,"column":46}},"444":{"start":{"line":445,"column":0},"end":{"line":445,"column":23}},"445":{"start":{"line":446,"column":0},"end":{"line":446,"column":25}},"446":{"start":{"line":447,"column":0},"end":{"line":447,"column":83}},"447":{"start":{"line":448,"column":0},"end":{"line":448,"column":52}},"448":{"start":{"line":449,"column":0},"end":{"line":449,"column":10}},"449":{"start":{"line":450,"column":0},"end":{"line":450,"column":60}},"450":{"start":{"line":451,"column":0},"end":{"line":451,"column":35}},"451":{"start":{"line":452,"column":0},"end":{"line":452,"column":10}},"452":{"start":{"line":453,"column":0},"end":{"line":453,"column":61}},"453":{"start":{"line":454,"column":0},"end":{"line":454,"column":42}},"454":{"start":{"line":455,"column":0},"end":{"line":455,"column":23}},"455":{"start":{"line":456,"column":0},"end":{"line":456,"column":10}},"456":{"start":{"line":457,"column":0},"end":{"line":457,"column":60}},"457":{"start":{"line":458,"column":0},"end":{"line":458,"column":41}},"458":{"start":{"line":459,"column":0},"end":{"line":459,"column":23}},"459":{"start":{"line":460,"column":0},"end":{"line":460,"column":10}},"460":{"start":{"line":461,"column":0},"end":{"line":461,"column":68}},"461":{"start":{"line":462,"column":0},"end":{"line":462,"column":37}},"462":{"start":{"line":463,"column":0},"end":{"line":463,"column":10}},"463":{"start":{"line":464,"column":0},"end":{"line":464,"column":61}},"464":{"start":{"line":465,"column":0},"end":{"line":465,"column":44}},"465":{"start":{"line":466,"column":0},"end":{"line":466,"column":67}},"466":{"start":{"line":467,"column":0},"end":{"line":467,"column":10}},"467":{"start":{"line":468,"column":0},"end":{"line":468,"column":62}},"468":{"start":{"line":469,"column":0},"end":{"line":469,"column":45}},"469":{"start":{"line":470,"column":0},"end":{"line":470,"column":67}},"470":{"start":{"line":471,"column":0},"end":{"line":471,"column":10}},"471":{"start":{"line":472,"column":0},"end":{"line":472,"column":67}},"472":{"start":{"line":473,"column":0},"end":{"line":473,"column":54}},"473":{"start":{"line":474,"column":0},"end":{"line":474,"column":67}},"474":{"start":{"line":475,"column":0},"end":{"line":475,"column":10}},"475":{"start":{"line":476,"column":0},"end":{"line":476,"column":62}},"476":{"start":{"line":477,"column":0},"end":{"line":477,"column":45}},"477":{"start":{"line":478,"column":0},"end":{"line":478,"column":67}},"478":{"start":{"line":479,"column":0},"end":{"line":479,"column":10}},"479":{"start":{"line":480,"column":0},"end":{"line":480,"column":66}},"480":{"start":{"line":481,"column":0},"end":{"line":481,"column":49}},"481":{"start":{"line":482,"column":0},"end":{"line":482,"column":67}},"482":{"start":{"line":483,"column":0},"end":{"line":483,"column":10}},"483":{"start":{"line":484,"column":0},"end":{"line":484,"column":54}},"484":{"start":{"line":485,"column":0},"end":{"line":485,"column":32}},"485":{"start":{"line":486,"column":0},"end":{"line":486,"column":10}},"486":{"start":{"line":487,"column":0},"end":{"line":487,"column":67}},"487":{"start":{"line":488,"column":0},"end":{"line":488,"column":36}},"488":{"start":{"line":489,"column":0},"end":{"line":489,"column":10}},"489":{"start":{"line":490,"column":0},"end":{"line":490,"column":65}},"490":{"start":{"line":491,"column":0},"end":{"line":491,"column":46}},"491":{"start":{"line":492,"column":0},"end":{"line":492,"column":23}},"492":{"start":{"line":493,"column":0},"end":{"line":493,"column":10}},"493":{"start":{"line":494,"column":0},"end":{"line":494,"column":53}},"494":{"start":{"line":495,"column":0},"end":{"line":495,"column":34}},"495":{"start":{"line":496,"column":0},"end":{"line":496,"column":23}},"496":{"start":{"line":497,"column":0},"end":{"line":497,"column":10}},"497":{"start":{"line":498,"column":0},"end":{"line":498,"column":92}},"498":{"start":{"line":499,"column":0},"end":{"line":499,"column":67}},"499":{"start":{"line":500,"column":0},"end":{"line":500,"column":10}},"500":{"start":{"line":501,"column":0},"end":{"line":501,"column":77}},"501":{"start":{"line":502,"column":0},"end":{"line":502,"column":52}},"502":{"start":{"line":503,"column":0},"end":{"line":503,"column":10}},"503":{"start":{"line":504,"column":0},"end":{"line":504,"column":78}},"504":{"start":{"line":505,"column":0},"end":{"line":505,"column":53}},"505":{"start":{"line":506,"column":0},"end":{"line":506,"column":10}},"506":{"start":{"line":507,"column":0},"end":{"line":507,"column":61}},"507":{"start":{"line":508,"column":0},"end":{"line":508,"column":36}},"508":{"start":{"line":509,"column":0},"end":{"line":509,"column":10}},"509":{"start":{"line":510,"column":0},"end":{"line":510,"column":56}},"510":{"start":{"line":511,"column":0},"end":{"line":511,"column":45}},"511":{"start":{"line":512,"column":0},"end":{"line":512,"column":23}},"512":{"start":{"line":513,"column":0},"end":{"line":513,"column":10}},"513":{"start":{"line":514,"column":0},"end":{"line":514,"column":54}},"514":{"start":{"line":515,"column":0},"end":{"line":515,"column":32}},"515":{"start":{"line":516,"column":0},"end":{"line":516,"column":10}},"516":{"start":{"line":517,"column":0},"end":{"line":517,"column":108}},"517":{"start":{"line":518,"column":0},"end":{"line":518,"column":72}},"518":{"start":{"line":519,"column":0},"end":{"line":519,"column":67}},"519":{"start":{"line":520,"column":0},"end":{"line":520,"column":25}},"520":{"start":{"line":521,"column":0},"end":{"line":521,"column":78}},"521":{"start":{"line":522,"column":0},"end":{"line":522,"column":53}},"522":{"start":{"line":523,"column":0},"end":{"line":523,"column":117}},"523":{"start":{"line":524,"column":0},"end":{"line":524,"column":39}},"524":{"start":{"line":525,"column":0},"end":{"line":525,"column":68}},"525":{"start":{"line":526,"column":0},"end":{"line":526,"column":68}},"526":{"start":{"line":527,"column":0},"end":{"line":527,"column":10}},"527":{"start":{"line":528,"column":0},"end":{"line":528,"column":80}},"528":{"start":{"line":529,"column":0},"end":{"line":529,"column":67}},"529":{"start":{"line":530,"column":0},"end":{"line":530,"column":23}},"530":{"start":{"line":531,"column":0},"end":{"line":531,"column":10}},"531":{"start":{"line":532,"column":0},"end":{"line":532,"column":77}},"532":{"start":{"line":533,"column":0},"end":{"line":533,"column":52}},"533":{"start":{"line":534,"column":0},"end":{"line":534,"column":117}},"534":{"start":{"line":535,"column":0},"end":{"line":535,"column":39}},"535":{"start":{"line":536,"column":0},"end":{"line":536,"column":68}},"536":{"start":{"line":537,"column":0},"end":{"line":537,"column":68}},"537":{"start":{"line":538,"column":0},"end":{"line":538,"column":10}},"538":{"start":{"line":539,"column":0},"end":{"line":539,"column":79}},"539":{"start":{"line":540,"column":0},"end":{"line":540,"column":66}},"540":{"start":{"line":541,"column":0},"end":{"line":541,"column":23}},"541":{"start":{"line":542,"column":0},"end":{"line":542,"column":10}},"542":{"start":{"line":543,"column":0},"end":{"line":543,"column":85}},"543":{"start":{"line":544,"column":0},"end":{"line":544,"column":86}},"544":{"start":{"line":545,"column":0},"end":{"line":545,"column":67}},"545":{"start":{"line":546,"column":0},"end":{"line":546,"column":10}},"546":{"start":{"line":547,"column":0},"end":{"line":547,"column":58}},"547":{"start":{"line":548,"column":0},"end":{"line":548,"column":41}},"548":{"start":{"line":549,"column":0},"end":{"line":549,"column":23}},"549":{"start":{"line":550,"column":0},"end":{"line":550,"column":10}},"550":{"start":{"line":551,"column":0},"end":{"line":551,"column":95}},"551":{"start":{"line":552,"column":0},"end":{"line":552,"column":48}},"552":{"start":{"line":553,"column":0},"end":{"line":553,"column":23}},"553":{"start":{"line":554,"column":0},"end":{"line":554,"column":25}},"554":{"start":{"line":555,"column":0},"end":{"line":555,"column":68}},"555":{"start":{"line":556,"column":0},"end":{"line":556,"column":41}},"556":{"start":{"line":557,"column":0},"end":{"line":557,"column":23}},"557":{"start":{"line":558,"column":0},"end":{"line":558,"column":10}},"558":{"start":{"line":559,"column":0},"end":{"line":559,"column":71}},"559":{"start":{"line":560,"column":0},"end":{"line":560,"column":35}},"560":{"start":{"line":561,"column":0},"end":{"line":561,"column":23}},"561":{"start":{"line":562,"column":0},"end":{"line":562,"column":10}},"562":{"start":{"line":563,"column":0},"end":{"line":563,"column":55}},"563":{"start":{"line":564,"column":0},"end":{"line":564,"column":36}},"564":{"start":{"line":565,"column":0},"end":{"line":565,"column":23}},"565":{"start":{"line":566,"column":0},"end":{"line":566,"column":10}},"566":{"start":{"line":567,"column":0},"end":{"line":567,"column":53}},"567":{"start":{"line":568,"column":0},"end":{"line":568,"column":31}},"568":{"start":{"line":569,"column":0},"end":{"line":569,"column":10}},"569":{"start":{"line":570,"column":0},"end":{"line":570,"column":71}},"570":{"start":{"line":571,"column":0},"end":{"line":571,"column":23}},"571":{"start":{"line":572,"column":0},"end":{"line":572,"column":17}},"572":{"start":{"line":573,"column":0},"end":{"line":573,"column":53}},"573":{"start":{"line":574,"column":0},"end":{"line":574,"column":25}},"574":{"start":{"line":575,"column":0},"end":{"line":575,"column":31}},"575":{"start":{"line":576,"column":0},"end":{"line":576,"column":13}},"576":{"start":{"line":577,"column":0},"end":{"line":577,"column":31}},"577":{"start":{"line":578,"column":0},"end":{"line":578,"column":23}},"578":{"start":{"line":579,"column":0},"end":{"line":579,"column":10}},"579":{"start":{"line":580,"column":0},"end":{"line":580,"column":70}},"580":{"start":{"line":581,"column":0},"end":{"line":581,"column":23}},"581":{"start":{"line":582,"column":0},"end":{"line":582,"column":17}},"582":{"start":{"line":583,"column":0},"end":{"line":583,"column":52}},"583":{"start":{"line":584,"column":0},"end":{"line":584,"column":25}},"584":{"start":{"line":585,"column":0},"end":{"line":585,"column":31}},"585":{"start":{"line":586,"column":0},"end":{"line":586,"column":13}},"586":{"start":{"line":587,"column":0},"end":{"line":587,"column":31}},"587":{"start":{"line":588,"column":0},"end":{"line":588,"column":23}},"588":{"start":{"line":589,"column":0},"end":{"line":589,"column":10}},"589":{"start":{"line":590,"column":0},"end":{"line":590,"column":82}},"590":{"start":{"line":591,"column":0},"end":{"line":591,"column":23}},"591":{"start":{"line":592,"column":0},"end":{"line":592,"column":17}},"592":{"start":{"line":593,"column":0},"end":{"line":593,"column":64}},"593":{"start":{"line":594,"column":0},"end":{"line":594,"column":25}},"594":{"start":{"line":595,"column":0},"end":{"line":595,"column":31}},"595":{"start":{"line":596,"column":0},"end":{"line":596,"column":13}},"596":{"start":{"line":597,"column":0},"end":{"line":597,"column":31}},"597":{"start":{"line":598,"column":0},"end":{"line":598,"column":23}},"598":{"start":{"line":599,"column":0},"end":{"line":599,"column":10}},"599":{"start":{"line":600,"column":0},"end":{"line":600,"column":66}},"600":{"start":{"line":601,"column":0},"end":{"line":601,"column":23}},"601":{"start":{"line":602,"column":0},"end":{"line":602,"column":17}},"602":{"start":{"line":603,"column":0},"end":{"line":603,"column":48}},"603":{"start":{"line":604,"column":0},"end":{"line":604,"column":25}},"604":{"start":{"line":605,"column":0},"end":{"line":605,"column":31}},"605":{"start":{"line":606,"column":0},"end":{"line":606,"column":13}},"606":{"start":{"line":607,"column":0},"end":{"line":607,"column":31}},"607":{"start":{"line":608,"column":0},"end":{"line":608,"column":23}},"608":{"start":{"line":609,"column":0},"end":{"line":609,"column":10}},"609":{"start":{"line":610,"column":0},"end":{"line":610,"column":56}},"610":{"start":{"line":611,"column":0},"end":{"line":611,"column":44}},"611":{"start":{"line":612,"column":0},"end":{"line":612,"column":23}},"612":{"start":{"line":613,"column":0},"end":{"line":613,"column":10}},"613":{"start":{"line":614,"column":0},"end":{"line":614,"column":62}},"614":{"start":{"line":615,"column":0},"end":{"line":615,"column":51}},"615":{"start":{"line":616,"column":0},"end":{"line":616,"column":23}},"616":{"start":{"line":617,"column":0},"end":{"line":617,"column":10}},"617":{"start":{"line":618,"column":0},"end":{"line":618,"column":53}},"618":{"start":{"line":619,"column":0},"end":{"line":619,"column":40}},"619":{"start":{"line":620,"column":0},"end":{"line":620,"column":23}},"620":{"start":{"line":621,"column":0},"end":{"line":621,"column":10}},"621":{"start":{"line":622,"column":0},"end":{"line":622,"column":55}},"622":{"start":{"line":623,"column":0},"end":{"line":623,"column":36}},"623":{"start":{"line":624,"column":0},"end":{"line":624,"column":23}},"624":{"start":{"line":625,"column":0},"end":{"line":625,"column":10}},"625":{"start":{"line":626,"column":0},"end":{"line":626,"column":55}},"626":{"start":{"line":627,"column":0},"end":{"line":627,"column":36}},"627":{"start":{"line":628,"column":0},"end":{"line":628,"column":23}},"628":{"start":{"line":629,"column":0},"end":{"line":629,"column":10}},"629":{"start":{"line":630,"column":0},"end":{"line":630,"column":66}},"630":{"start":{"line":631,"column":0},"end":{"line":631,"column":35}},"631":{"start":{"line":632,"column":0},"end":{"line":632,"column":10}},"632":{"start":{"line":633,"column":0},"end":{"line":633,"column":52}},"633":{"start":{"line":634,"column":0},"end":{"line":634,"column":30}},"634":{"start":{"line":635,"column":0},"end":{"line":635,"column":10}},"635":{"start":{"line":636,"column":0},"end":{"line":636,"column":48}},"636":{"start":{"line":637,"column":0},"end":{"line":637,"column":37}},"637":{"start":{"line":638,"column":0},"end":{"line":638,"column":23}},"638":{"start":{"line":639,"column":0},"end":{"line":639,"column":10}},"639":{"start":{"line":640,"column":0},"end":{"line":640,"column":48}},"640":{"start":{"line":641,"column":0},"end":{"line":641,"column":34}},"641":{"start":{"line":642,"column":0},"end":{"line":642,"column":23}},"642":{"start":{"line":643,"column":0},"end":{"line":643,"column":10}},"643":{"start":{"line":644,"column":0},"end":{"line":644,"column":52}},"644":{"start":{"line":645,"column":0},"end":{"line":645,"column":45}},"645":{"start":{"line":646,"column":0},"end":{"line":646,"column":23}},"646":{"start":{"line":647,"column":0},"end":{"line":647,"column":10}},"647":{"start":{"line":648,"column":0},"end":{"line":648,"column":48}},"648":{"start":{"line":649,"column":0},"end":{"line":649,"column":36}},"649":{"start":{"line":650,"column":0},"end":{"line":650,"column":23}},"650":{"start":{"line":651,"column":0},"end":{"line":651,"column":10}},"651":{"start":{"line":652,"column":0},"end":{"line":652,"column":64}},"652":{"start":{"line":653,"column":0},"end":{"line":653,"column":53}},"653":{"start":{"line":654,"column":0},"end":{"line":654,"column":23}},"654":{"start":{"line":655,"column":0},"end":{"line":655,"column":10}},"655":{"start":{"line":656,"column":0},"end":{"line":656,"column":53}},"656":{"start":{"line":657,"column":0},"end":{"line":657,"column":34}},"657":{"start":{"line":658,"column":0},"end":{"line":658,"column":23}},"658":{"start":{"line":659,"column":0},"end":{"line":659,"column":10}},"659":{"start":{"line":660,"column":0},"end":{"line":660,"column":90}},"660":{"start":{"line":661,"column":0},"end":{"line":661,"column":36}},"661":{"start":{"line":662,"column":0},"end":{"line":662,"column":23}},"662":{"start":{"line":663,"column":0},"end":{"line":663,"column":25}},"663":{"start":{"line":664,"column":0},"end":{"line":664,"column":52}},"664":{"start":{"line":665,"column":0},"end":{"line":665,"column":35}},"665":{"start":{"line":666,"column":0},"end":{"line":666,"column":23}},"666":{"start":{"line":667,"column":0},"end":{"line":667,"column":10}},"667":{"start":{"line":668,"column":0},"end":{"line":668,"column":48}},"668":{"start":{"line":669,"column":0},"end":{"line":669,"column":35}},"669":{"start":{"line":670,"column":0},"end":{"line":670,"column":23}},"670":{"start":{"line":671,"column":0},"end":{"line":671,"column":10}},"671":{"start":{"line":672,"column":0},"end":{"line":672,"column":60}},"672":{"start":{"line":673,"column":0},"end":{"line":673,"column":41}},"673":{"start":{"line":674,"column":0},"end":{"line":674,"column":67}},"674":{"start":{"line":675,"column":0},"end":{"line":675,"column":10}},"675":{"start":{"line":676,"column":0},"end":{"line":676,"column":77}},"676":{"start":{"line":677,"column":0},"end":{"line":677,"column":81}},"677":{"start":{"line":678,"column":0},"end":{"line":678,"column":10}},"678":{"start":{"line":679,"column":0},"end":{"line":679,"column":64}},"679":{"start":{"line":680,"column":0},"end":{"line":680,"column":45}},"680":{"start":{"line":681,"column":0},"end":{"line":681,"column":23}},"681":{"start":{"line":682,"column":0},"end":{"line":682,"column":10}},"682":{"start":{"line":683,"column":0},"end":{"line":683,"column":64}},"683":{"start":{"line":684,"column":0},"end":{"line":684,"column":30}},"684":{"start":{"line":685,"column":0},"end":{"line":685,"column":10}},"685":{"start":{"line":686,"column":0},"end":{"line":686,"column":64}},"686":{"start":{"line":687,"column":0},"end":{"line":687,"column":36}},"687":{"start":{"line":688,"column":0},"end":{"line":688,"column":10}},"688":{"start":{"line":689,"column":0},"end":{"line":689,"column":101}},"689":{"start":{"line":690,"column":0},"end":{"line":690,"column":54}},"690":{"start":{"line":691,"column":0},"end":{"line":691,"column":23}},"691":{"start":{"line":692,"column":0},"end":{"line":692,"column":25}},"692":{"start":{"line":693,"column":0},"end":{"line":693,"column":65}},"693":{"start":{"line":694,"column":0},"end":{"line":694,"column":37}},"694":{"start":{"line":695,"column":0},"end":{"line":695,"column":10}},"695":{"start":{"line":696,"column":0},"end":{"line":696,"column":64}},"696":{"start":{"line":697,"column":0},"end":{"line":697,"column":36}},"697":{"start":{"line":698,"column":0},"end":{"line":698,"column":10}},"698":{"start":{"line":699,"column":0},"end":{"line":699,"column":79}},"699":{"start":{"line":700,"column":0},"end":{"line":700,"column":68}},"700":{"start":{"line":701,"column":0},"end":{"line":701,"column":10}},"701":{"start":{"line":702,"column":0},"end":{"line":702,"column":72}},"702":{"start":{"line":703,"column":0},"end":{"line":703,"column":78}},"703":{"start":{"line":704,"column":0},"end":{"line":704,"column":67}},"704":{"start":{"line":705,"column":0},"end":{"line":705,"column":10}},"705":{"start":{"line":706,"column":0},"end":{"line":706,"column":67}},"706":{"start":{"line":707,"column":0},"end":{"line":707,"column":78}},"707":{"start":{"line":708,"column":0},"end":{"line":708,"column":67}},"708":{"start":{"line":709,"column":0},"end":{"line":709,"column":10}},"709":{"start":{"line":710,"column":0},"end":{"line":710,"column":65}},"710":{"start":{"line":711,"column":0},"end":{"line":711,"column":78}},"711":{"start":{"line":712,"column":0},"end":{"line":712,"column":67}},"712":{"start":{"line":713,"column":0},"end":{"line":713,"column":10}},"713":{"start":{"line":714,"column":0},"end":{"line":714,"column":67}},"714":{"start":{"line":715,"column":0},"end":{"line":715,"column":78}},"715":{"start":{"line":716,"column":0},"end":{"line":716,"column":67}},"716":{"start":{"line":717,"column":0},"end":{"line":717,"column":10}},"717":{"start":{"line":718,"column":0},"end":{"line":718,"column":157}},"718":{"start":{"line":719,"column":0},"end":{"line":719,"column":153}},"719":{"start":{"line":720,"column":0},"end":{"line":720,"column":25}},"720":{"start":{"line":721,"column":0},"end":{"line":721,"column":80}},"721":{"start":{"line":722,"column":0},"end":{"line":722,"column":61}},"722":{"start":{"line":723,"column":0},"end":{"line":723,"column":10}},"723":{"start":{"line":724,"column":0},"end":{"line":724,"column":70}},"724":{"start":{"line":725,"column":0},"end":{"line":725,"column":39}},"725":{"start":{"line":726,"column":0},"end":{"line":726,"column":10}},"726":{"start":{"line":727,"column":0},"end":{"line":727,"column":70}},"727":{"start":{"line":728,"column":0},"end":{"line":728,"column":39}},"728":{"start":{"line":729,"column":0},"end":{"line":729,"column":10}},"729":{"start":{"line":730,"column":0},"end":{"line":730,"column":89}},"730":{"start":{"line":731,"column":0},"end":{"line":731,"column":86}},"731":{"start":{"line":732,"column":0},"end":{"line":732,"column":10}},"732":{"start":{"line":733,"column":0},"end":{"line":733,"column":65}},"733":{"start":{"line":734,"column":0},"end":{"line":734,"column":34}},"734":{"start":{"line":735,"column":0},"end":{"line":735,"column":10}},"735":{"start":{"line":736,"column":0},"end":{"line":736,"column":54}},"736":{"start":{"line":737,"column":0},"end":{"line":737,"column":35}},"737":{"start":{"line":738,"column":0},"end":{"line":738,"column":23}},"738":{"start":{"line":739,"column":0},"end":{"line":739,"column":10}},"739":{"start":{"line":740,"column":0},"end":{"line":740,"column":80}},"740":{"start":{"line":741,"column":0},"end":{"line":741,"column":61}},"741":{"start":{"line":742,"column":0},"end":{"line":742,"column":10}},"742":{"start":{"line":743,"column":0},"end":{"line":743,"column":104}},"743":{"start":{"line":744,"column":0},"end":{"line":744,"column":91}},"744":{"start":{"line":745,"column":0},"end":{"line":745,"column":10}},"745":{"start":{"line":746,"column":0},"end":{"line":746,"column":81}},"746":{"start":{"line":747,"column":0},"end":{"line":747,"column":50}},"747":{"start":{"line":748,"column":0},"end":{"line":748,"column":10}},"748":{"start":{"line":749,"column":0},"end":{"line":749,"column":53}},"749":{"start":{"line":750,"column":0},"end":{"line":750,"column":31}},"750":{"start":{"line":751,"column":0},"end":{"line":751,"column":10}},"751":{"start":{"line":752,"column":0},"end":{"line":752,"column":54}},"752":{"start":{"line":753,"column":0},"end":{"line":753,"column":35}},"753":{"start":{"line":754,"column":0},"end":{"line":754,"column":23}},"754":{"start":{"line":755,"column":0},"end":{"line":755,"column":10}},"755":{"start":{"line":756,"column":0},"end":{"line":756,"column":58}},"756":{"start":{"line":757,"column":0},"end":{"line":757,"column":53}},"757":{"start":{"line":758,"column":0},"end":{"line":758,"column":29}},"758":{"start":{"line":759,"column":0},"end":{"line":759,"column":23}},"759":{"start":{"line":760,"column":0},"end":{"line":760,"column":10}},"760":{"start":{"line":761,"column":0},"end":{"line":761,"column":58}},"761":{"start":{"line":762,"column":0},"end":{"line":762,"column":53}},"762":{"start":{"line":763,"column":0},"end":{"line":763,"column":29}},"763":{"start":{"line":764,"column":0},"end":{"line":764,"column":23}},"764":{"start":{"line":765,"column":0},"end":{"line":765,"column":10}},"765":{"start":{"line":766,"column":0},"end":{"line":766,"column":64}},"766":{"start":{"line":767,"column":0},"end":{"line":767,"column":86}},"767":{"start":{"line":768,"column":0},"end":{"line":768,"column":57}},"768":{"start":{"line":769,"column":0},"end":{"line":769,"column":23}},"769":{"start":{"line":770,"column":0},"end":{"line":770,"column":10}},"770":{"start":{"line":771,"column":0},"end":{"line":771,"column":64}},"771":{"start":{"line":772,"column":0},"end":{"line":772,"column":61}},"772":{"start":{"line":773,"column":0},"end":{"line":773,"column":55}},"773":{"start":{"line":774,"column":0},"end":{"line":774,"column":23}},"774":{"start":{"line":775,"column":0},"end":{"line":775,"column":10}},"775":{"start":{"line":776,"column":0},"end":{"line":776,"column":58}},"776":{"start":{"line":777,"column":0},"end":{"line":777,"column":53}},"777":{"start":{"line":778,"column":0},"end":{"line":778,"column":49}},"778":{"start":{"line":779,"column":0},"end":{"line":779,"column":23}},"779":{"start":{"line":780,"column":0},"end":{"line":780,"column":10}},"780":{"start":{"line":781,"column":0},"end":{"line":781,"column":53}},"781":{"start":{"line":782,"column":0},"end":{"line":782,"column":53}},"782":{"start":{"line":783,"column":0},"end":{"line":783,"column":41}},"783":{"start":{"line":784,"column":0},"end":{"line":784,"column":36}},"784":{"start":{"line":785,"column":0},"end":{"line":785,"column":45}},"785":{"start":{"line":786,"column":0},"end":{"line":786,"column":40}},"786":{"start":{"line":787,"column":0},"end":{"line":787,"column":40}},"787":{"start":{"line":788,"column":0},"end":{"line":788,"column":41}},"788":{"start":{"line":789,"column":0},"end":{"line":789,"column":10}},"789":{"start":{"line":790,"column":0},"end":{"line":790,"column":6}},"790":{"start":{"line":791,"column":0},"end":{"line":791,"column":12}},"791":{"start":{"line":792,"column":0},"end":{"line":792,"column":24}},"792":{"start":{"line":793,"column":0},"end":{"line":793,"column":43}},"793":{"start":{"line":794,"column":0},"end":{"line":794,"column":6}},"794":{"start":{"line":795,"column":0},"end":{"line":795,"column":1}},"795":{"start":{"line":796,"column":0},"end":{"line":796,"column":0}},"796":{"start":{"line":797,"column":0},"end":{"line":797,"column":78}},"797":{"start":{"line":798,"column":0},"end":{"line":798,"column":50}},"798":{"start":{"line":799,"column":0},"end":{"line":799,"column":82}},"799":{"start":{"line":800,"column":0},"end":{"line":800,"column":0}},"800":{"start":{"line":801,"column":0},"end":{"line":801,"column":36}},"801":{"start":{"line":802,"column":0},"end":{"line":802,"column":47}},"802":{"start":{"line":803,"column":0},"end":{"line":803,"column":45}},"803":{"start":{"line":804,"column":0},"end":{"line":804,"column":15}},"804":{"start":{"line":805,"column":0},"end":{"line":805,"column":1}},"805":{"start":{"line":806,"column":0},"end":{"line":806,"column":0}},"806":{"start":{"line":807,"column":0},"end":{"line":807,"column":27}},"807":{"start":{"line":808,"column":0},"end":{"line":808,"column":22}},"808":{"start":{"line":809,"column":0},"end":{"line":809,"column":28}},"809":{"start":{"line":810,"column":0},"end":{"line":810,"column":63}},"810":{"start":{"line":811,"column":0},"end":{"line":811,"column":25}},"811":{"start":{"line":812,"column":0},"end":{"line":812,"column":5}},"812":{"start":{"line":813,"column":0},"end":{"line":813,"column":27}},"813":{"start":{"line":814,"column":0},"end":{"line":814,"column":26}},"814":{"start":{"line":815,"column":0},"end":{"line":815,"column":5}},"815":{"start":{"line":816,"column":0},"end":{"line":816,"column":27}},"816":{"start":{"line":817,"column":0},"end":{"line":817,"column":44}},"817":{"start":{"line":818,"column":0},"end":{"line":818,"column":34}},"818":{"start":{"line":819,"column":0},"end":{"line":819,"column":28}},"819":{"start":{"line":820,"column":0},"end":{"line":820,"column":16}},"820":{"start":{"line":821,"column":0},"end":{"line":821,"column":44}},"821":{"start":{"line":822,"column":0},"end":{"line":822,"column":9}},"822":{"start":{"line":823,"column":0},"end":{"line":823,"column":5}},"823":{"start":{"line":824,"column":0},"end":{"line":824,"column":29}},"824":{"start":{"line":825,"column":0},"end":{"line":825,"column":30}},"825":{"start":{"line":826,"column":0},"end":{"line":826,"column":57}},"826":{"start":{"line":827,"column":0},"end":{"line":827,"column":39}},"827":{"start":{"line":828,"column":0},"end":{"line":828,"column":16}},"828":{"start":{"line":829,"column":0},"end":{"line":829,"column":30}},"829":{"start":{"line":830,"column":0},"end":{"line":830,"column":9}},"830":{"start":{"line":831,"column":0},"end":{"line":831,"column":5}},"831":{"start":{"line":832,"column":0},"end":{"line":832,"column":14}},"832":{"start":{"line":833,"column":0},"end":{"line":833,"column":29}},"833":{"start":{"line":834,"column":0},"end":{"line":834,"column":34}},"834":{"start":{"line":835,"column":0},"end":{"line":835,"column":24}},"835":{"start":{"line":836,"column":0},"end":{"line":836,"column":25}},"836":{"start":{"line":837,"column":0},"end":{"line":837,"column":41}},"837":{"start":{"line":838,"column":0},"end":{"line":838,"column":9}},"838":{"start":{"line":839,"column":0},"end":{"line":839,"column":41}},"839":{"start":{"line":840,"column":0},"end":{"line":840,"column":48}},"840":{"start":{"line":841,"column":0},"end":{"line":841,"column":9}},"841":{"start":{"line":842,"column":0},"end":{"line":842,"column":21}},"842":{"start":{"line":843,"column":0},"end":{"line":843,"column":21}},"843":{"start":{"line":844,"column":0},"end":{"line":844,"column":5}},"844":{"start":{"line":845,"column":0},"end":{"line":845,"column":24}},"845":{"start":{"line":846,"column":0},"end":{"line":846,"column":74}},"846":{"start":{"line":847,"column":0},"end":{"line":847,"column":18}},"847":{"start":{"line":848,"column":0},"end":{"line":848,"column":54}},"848":{"start":{"line":849,"column":0},"end":{"line":849,"column":38}},"849":{"start":{"line":850,"column":0},"end":{"line":850,"column":12}},"850":{"start":{"line":851,"column":0},"end":{"line":851,"column":60}},"851":{"start":{"line":852,"column":0},"end":{"line":852,"column":34}},"852":{"start":{"line":853,"column":0},"end":{"line":853,"column":5}},"853":{"start":{"line":854,"column":0},"end":{"line":854,"column":32}},"854":{"start":{"line":855,"column":0},"end":{"line":855,"column":47}},"855":{"start":{"line":856,"column":0},"end":{"line":856,"column":76}},"856":{"start":{"line":857,"column":0},"end":{"line":857,"column":62}},"857":{"start":{"line":858,"column":0},"end":{"line":858,"column":13}},"858":{"start":{"line":859,"column":0},"end":{"line":859,"column":57}},"859":{"start":{"line":860,"column":0},"end":{"line":860,"column":21}},"860":{"start":{"line":861,"column":0},"end":{"line":861,"column":28}},"861":{"start":{"line":862,"column":0},"end":{"line":862,"column":9}},"862":{"start":{"line":863,"column":0},"end":{"line":863,"column":5}},"863":{"start":{"line":864,"column":0},"end":{"line":864,"column":13}},"864":{"start":{"line":865,"column":0},"end":{"line":865,"column":31}},"865":{"start":{"line":866,"column":0},"end":{"line":866,"column":59}},"866":{"start":{"line":867,"column":0},"end":{"line":867,"column":5}},"867":{"start":{"line":868,"column":0},"end":{"line":868,"column":71}},"868":{"start":{"line":869,"column":0},"end":{"line":869,"column":21}},"869":{"start":{"line":870,"column":0},"end":{"line":870,"column":1}},"870":{"start":{"line":871,"column":0},"end":{"line":871,"column":0}},"871":{"start":{"line":872,"column":0},"end":{"line":872,"column":41}},"872":{"start":{"line":873,"column":0},"end":{"line":873,"column":20}},"873":{"start":{"line":874,"column":0},"end":{"line":874,"column":69}},"874":{"start":{"line":875,"column":0},"end":{"line":875,"column":1}},"875":{"start":{"line":876,"column":0},"end":{"line":876,"column":0}},"876":{"start":{"line":877,"column":0},"end":{"line":877,"column":40}},"877":{"start":{"line":878,"column":0},"end":{"line":878,"column":20}},"878":{"start":{"line":879,"column":0},"end":{"line":879,"column":67}},"879":{"start":{"line":880,"column":0},"end":{"line":880,"column":1}},"880":{"start":{"line":881,"column":0},"end":{"line":881,"column":0}},"881":{"start":{"line":882,"column":0},"end":{"line":882,"column":33}},"882":{"start":{"line":883,"column":0},"end":{"line":883,"column":31}},"883":{"start":{"line":884,"column":0},"end":{"line":884,"column":203}},"884":{"start":{"line":885,"column":0},"end":{"line":885,"column":65}},"885":{"start":{"line":886,"column":0},"end":{"line":886,"column":5}},"886":{"start":{"line":887,"column":0},"end":{"line":887,"column":33}},"887":{"start":{"line":888,"column":0},"end":{"line":888,"column":1}},"888":{"start":{"line":889,"column":0},"end":{"line":889,"column":0}},"889":{"start":{"line":890,"column":0},"end":{"line":890,"column":37}},"890":{"start":{"line":891,"column":0},"end":{"line":891,"column":35}},"891":{"start":{"line":892,"column":0},"end":{"line":892,"column":91}},"892":{"start":{"line":893,"column":0},"end":{"line":893,"column":73}},"893":{"start":{"line":894,"column":0},"end":{"line":894,"column":5}},"894":{"start":{"line":895,"column":0},"end":{"line":895,"column":37}},"895":{"start":{"line":896,"column":0},"end":{"line":896,"column":1}},"896":{"start":{"line":897,"column":0},"end":{"line":897,"column":0}},"897":{"start":{"line":898,"column":0},"end":{"line":898,"column":39}},"898":{"start":{"line":899,"column":0},"end":{"line":899,"column":20}},"899":{"start":{"line":900,"column":0},"end":{"line":900,"column":32}},"900":{"start":{"line":901,"column":0},"end":{"line":901,"column":1}},"901":{"start":{"line":902,"column":0},"end":{"line":902,"column":0}},"902":{"start":{"line":903,"column":0},"end":{"line":903,"column":35}},"903":{"start":{"line":904,"column":0},"end":{"line":904,"column":33}},"904":{"start":{"line":905,"column":0},"end":{"line":905,"column":87}},"905":{"start":{"line":906,"column":0},"end":{"line":906,"column":69}},"906":{"start":{"line":907,"column":0},"end":{"line":907,"column":5}},"907":{"start":{"line":908,"column":0},"end":{"line":908,"column":35}},"908":{"start":{"line":909,"column":0},"end":{"line":909,"column":1}},"909":{"start":{"line":910,"column":0},"end":{"line":910,"column":0}},"910":{"start":{"line":911,"column":0},"end":{"line":911,"column":35}},"911":{"start":{"line":912,"column":0},"end":{"line":912,"column":9}},"912":{"start":{"line":913,"column":0},"end":{"line":913,"column":35}},"913":{"start":{"line":914,"column":0},"end":{"line":914,"column":17}},"914":{"start":{"line":915,"column":0},"end":{"line":915,"column":44}},"915":{"start":{"line":916,"column":0},"end":{"line":916,"column":39}},"916":{"start":{"line":917,"column":0},"end":{"line":917,"column":5}},"917":{"start":{"line":918,"column":0},"end":{"line":918,"column":1}},"918":{"start":{"line":919,"column":0},"end":{"line":919,"column":0}},"919":{"start":{"line":920,"column":0},"end":{"line":920,"column":24}},"920":{"start":{"line":921,"column":0},"end":{"line":921,"column":41}},"921":{"start":{"line":922,"column":0},"end":{"line":922,"column":1}},"922":{"start":{"line":923,"column":0},"end":{"line":923,"column":0}},"923":{"start":{"line":924,"column":0},"end":{"line":924,"column":41}},"924":{"start":{"line":925,"column":0},"end":{"line":925,"column":48}},"925":{"start":{"line":926,"column":0},"end":{"line":926,"column":45}},"926":{"start":{"line":927,"column":0},"end":{"line":927,"column":33}},"927":{"start":{"line":928,"column":0},"end":{"line":928,"column":15}},"928":{"start":{"line":929,"column":0},"end":{"line":929,"column":1}},"929":{"start":{"line":930,"column":0},"end":{"line":930,"column":0}},"930":{"start":{"line":931,"column":0},"end":{"line":931,"column":43}},"931":{"start":{"line":932,"column":0},"end":{"line":932,"column":48}},"932":{"start":{"line":933,"column":0},"end":{"line":933,"column":47}},"933":{"start":{"line":934,"column":0},"end":{"line":934,"column":33}},"934":{"start":{"line":935,"column":0},"end":{"line":935,"column":15}},"935":{"start":{"line":936,"column":0},"end":{"line":936,"column":1}},"936":{"start":{"line":937,"column":0},"end":{"line":937,"column":0}},"937":{"start":{"line":938,"column":0},"end":{"line":938,"column":49}},"938":{"start":{"line":939,"column":0},"end":{"line":939,"column":50}},"939":{"start":{"line":940,"column":0},"end":{"line":940,"column":44}},"940":{"start":{"line":941,"column":0},"end":{"line":941,"column":51}},"941":{"start":{"line":942,"column":0},"end":{"line":942,"column":63}},"942":{"start":{"line":943,"column":0},"end":{"line":943,"column":5}},"943":{"start":{"line":944,"column":0},"end":{"line":944,"column":35}},"944":{"start":{"line":945,"column":0},"end":{"line":945,"column":15}},"945":{"start":{"line":946,"column":0},"end":{"line":946,"column":1}},"946":{"start":{"line":947,"column":0},"end":{"line":947,"column":0}},"947":{"start":{"line":948,"column":0},"end":{"line":948,"column":50}},"948":{"start":{"line":949,"column":0},"end":{"line":949,"column":32}},"949":{"start":{"line":950,"column":0},"end":{"line":950,"column":50}},"950":{"start":{"line":951,"column":0},"end":{"line":951,"column":48}},"951":{"start":{"line":952,"column":0},"end":{"line":952,"column":72}},"952":{"start":{"line":953,"column":0},"end":{"line":953,"column":37}},"953":{"start":{"line":954,"column":0},"end":{"line":954,"column":19}},"954":{"start":{"line":955,"column":0},"end":{"line":955,"column":5}},"955":{"start":{"line":956,"column":0},"end":{"line":956,"column":0}},"956":{"start":{"line":957,"column":0},"end":{"line":957,"column":25}},"957":{"start":{"line":958,"column":0},"end":{"line":958,"column":35}},"958":{"start":{"line":959,"column":0},"end":{"line":959,"column":0}},"959":{"start":{"line":960,"column":0},"end":{"line":960,"column":39}},"960":{"start":{"line":961,"column":0},"end":{"line":961,"column":0}},"961":{"start":{"line":962,"column":0},"end":{"line":962,"column":19}},"962":{"start":{"line":963,"column":0},"end":{"line":963,"column":0}},"963":{"start":{"line":964,"column":0},"end":{"line":964,"column":36}},"964":{"start":{"line":965,"column":0},"end":{"line":965,"column":45}},"965":{"start":{"line":966,"column":0},"end":{"line":966,"column":31}},"966":{"start":{"line":967,"column":0},"end":{"line":967,"column":33}},"967":{"start":{"line":968,"column":0},"end":{"line":968,"column":5}},"968":{"start":{"line":969,"column":0},"end":{"line":969,"column":25}},"969":{"start":{"line":970,"column":0},"end":{"line":970,"column":27}},"970":{"start":{"line":971,"column":0},"end":{"line":971,"column":36}},"971":{"start":{"line":972,"column":0},"end":{"line":972,"column":9}},"972":{"start":{"line":973,"column":0},"end":{"line":973,"column":72}},"973":{"start":{"line":974,"column":0},"end":{"line":974,"column":78}},"974":{"start":{"line":975,"column":0},"end":{"line":975,"column":60}},"975":{"start":{"line":976,"column":0},"end":{"line":976,"column":0}},"976":{"start":{"line":977,"column":0},"end":{"line":977,"column":30}},"977":{"start":{"line":978,"column":0},"end":{"line":978,"column":49}},"978":{"start":{"line":979,"column":0},"end":{"line":979,"column":5}},"979":{"start":{"line":980,"column":0},"end":{"line":980,"column":0}},"980":{"start":{"line":981,"column":0},"end":{"line":981,"column":29}},"981":{"start":{"line":982,"column":0},"end":{"line":982,"column":15}},"982":{"start":{"line":983,"column":0},"end":{"line":983,"column":1}},"983":{"start":{"line":984,"column":0},"end":{"line":984,"column":0}},"984":{"start":{"line":985,"column":0},"end":{"line":985,"column":39}},"985":{"start":{"line":986,"column":0},"end":{"line":986,"column":54}},"986":{"start":{"line":987,"column":0},"end":{"line":987,"column":40}},"987":{"start":{"line":988,"column":0},"end":{"line":988,"column":17}},"988":{"start":{"line":989,"column":0},"end":{"line":989,"column":1}},"989":{"start":{"line":990,"column":0},"end":{"line":990,"column":0}},"990":{"start":{"line":991,"column":0},"end":{"line":991,"column":83}},"991":{"start":{"line":992,"column":0},"end":{"line":992,"column":27}},"992":{"start":{"line":993,"column":0},"end":{"line":993,"column":43}},"993":{"start":{"line":994,"column":0},"end":{"line":994,"column":24}},"994":{"start":{"line":995,"column":0},"end":{"line":995,"column":31}},"995":{"start":{"line":996,"column":0},"end":{"line":996,"column":27}},"996":{"start":{"line":997,"column":0},"end":{"line":997,"column":53}},"997":{"start":{"line":998,"column":0},"end":{"line":998,"column":87}},"998":{"start":{"line":999,"column":0},"end":{"line":999,"column":35}},"999":{"start":{"line":1000,"column":0},"end":{"line":1000,"column":30}},"1000":{"start":{"line":1001,"column":0},"end":{"line":1001,"column":5}},"1001":{"start":{"line":1002,"column":0},"end":{"line":1002,"column":85}},"1002":{"start":{"line":1003,"column":0},"end":{"line":1003,"column":1}},"1003":{"start":{"line":1004,"column":0},"end":{"line":1004,"column":0}},"1004":{"start":{"line":1005,"column":0},"end":{"line":1005,"column":44}},"1005":{"start":{"line":1006,"column":0},"end":{"line":1006,"column":0}},"1006":{"start":{"line":1007,"column":0},"end":{"line":1007,"column":43}},"1007":{"start":{"line":1008,"column":0},"end":{"line":1008,"column":57}},"1008":{"start":{"line":1009,"column":0},"end":{"line":1009,"column":50}},"1009":{"start":{"line":1010,"column":0},"end":{"line":1010,"column":22}},"1010":{"start":{"line":1011,"column":0},"end":{"line":1011,"column":16}},"1011":{"start":{"line":1012,"column":0},"end":{"line":1012,"column":29}},"1012":{"start":{"line":1013,"column":0},"end":{"line":1013,"column":31}},"1013":{"start":{"line":1014,"column":0},"end":{"line":1014,"column":10}},"1014":{"start":{"line":1015,"column":0},"end":{"line":1015,"column":6}},"1015":{"start":{"line":1016,"column":0},"end":{"line":1016,"column":1}},"1016":{"start":{"line":1017,"column":0},"end":{"line":1017,"column":0}},"1017":{"start":{"line":1018,"column":0},"end":{"line":1018,"column":24}},"1018":{"start":{"line":1019,"column":0},"end":{"line":1019,"column":0}},"1019":{"start":{"line":1020,"column":0},"end":{"line":1020,"column":21}},"1020":{"start":{"line":1021,"column":0},"end":{"line":1021,"column":48}},"1021":{"start":{"line":1022,"column":0},"end":{"line":1022,"column":28}},"1022":{"start":{"line":1023,"column":0},"end":{"line":1023,"column":24}},"1023":{"start":{"line":1024,"column":0},"end":{"line":1024,"column":33}},"1024":{"start":{"line":1025,"column":0},"end":{"line":1025,"column":37}},"1025":{"start":{"line":1026,"column":0},"end":{"line":1026,"column":35}},"1026":{"start":{"line":1027,"column":0},"end":{"line":1027,"column":28}},"1027":{"start":{"line":1028,"column":0},"end":{"line":1028,"column":16}},"1028":{"start":{"line":1029,"column":0},"end":{"line":1029,"column":1}},"1029":{"start":{"line":1030,"column":0},"end":{"line":1030,"column":0}},"1030":{"start":{"line":1031,"column":0},"end":{"line":1031,"column":44}},"1031":{"start":{"line":1032,"column":0},"end":{"line":1032,"column":71}},"1032":{"start":{"line":1033,"column":0},"end":{"line":1033,"column":69}},"1033":{"start":{"line":1034,"column":0},"end":{"line":1034,"column":17}},"1034":{"start":{"line":1035,"column":0},"end":{"line":1035,"column":79}},"1035":{"start":{"line":1036,"column":0},"end":{"line":1036,"column":25}},"1036":{"start":{"line":1037,"column":0},"end":{"line":1037,"column":85}},"1037":{"start":{"line":1038,"column":0},"end":{"line":1038,"column":0}},"1038":{"start":{"line":1039,"column":0},"end":{"line":1039,"column":97}},"1039":{"start":{"line":1040,"column":0},"end":{"line":1040,"column":233}},"1040":{"start":{"line":1041,"column":0},"end":{"line":1041,"column":0}},"1041":{"start":{"line":1042,"column":0},"end":{"line":1042,"column":35}},"1042":{"start":{"line":1043,"column":0},"end":{"line":1043,"column":13}},"1043":{"start":{"line":1044,"column":0},"end":{"line":1044,"column":9}},"1044":{"start":{"line":1045,"column":0},"end":{"line":1045,"column":0}},"1045":{"start":{"line":1046,"column":0},"end":{"line":1046,"column":49}},"1046":{"start":{"line":1047,"column":0},"end":{"line":1047,"column":61}},"1047":{"start":{"line":1048,"column":0},"end":{"line":1048,"column":12}},"1048":{"start":{"line":1049,"column":0},"end":{"line":1049,"column":72}},"1049":{"start":{"line":1050,"column":0},"end":{"line":1050,"column":0}},"1050":{"start":{"line":1051,"column":0},"end":{"line":1051,"column":55}},"1051":{"start":{"line":1052,"column":0},"end":{"line":1052,"column":40}},"1052":{"start":{"line":1053,"column":0},"end":{"line":1053,"column":16}},"1053":{"start":{"line":1054,"column":0},"end":{"line":1054,"column":28}},"1054":{"start":{"line":1055,"column":0},"end":{"line":1055,"column":9}},"1055":{"start":{"line":1056,"column":0},"end":{"line":1056,"column":5}},"1056":{"start":{"line":1057,"column":0},"end":{"line":1057,"column":0}},"1057":{"start":{"line":1058,"column":0},"end":{"line":1058,"column":41}},"1058":{"start":{"line":1059,"column":0},"end":{"line":1059,"column":23}},"1059":{"start":{"line":1060,"column":0},"end":{"line":1060,"column":67}},"1060":{"start":{"line":1061,"column":0},"end":{"line":1061,"column":9}},"1061":{"start":{"line":1062,"column":0},"end":{"line":1062,"column":21}},"1062":{"start":{"line":1063,"column":0},"end":{"line":1063,"column":5}},"1063":{"start":{"line":1064,"column":0},"end":{"line":1064,"column":1}},"1064":{"start":{"line":1065,"column":0},"end":{"line":1065,"column":0}},"1065":{"start":{"line":1066,"column":0},"end":{"line":1066,"column":27}},"1066":{"start":{"line":1067,"column":0},"end":{"line":1067,"column":40}},"1067":{"start":{"line":1068,"column":0},"end":{"line":1068,"column":0}},"1068":{"start":{"line":1069,"column":0},"end":{"line":1069,"column":0}},"1069":{"start":{"line":1070,"column":0},"end":{"line":1070,"column":31}},"1070":{"start":{"line":1071,"column":0},"end":{"line":1071,"column":65}},"1071":{"start":{"line":1072,"column":0},"end":{"line":1072,"column":31}},"1072":{"start":{"line":1073,"column":0},"end":{"line":1073,"column":16}},"1073":{"start":{"line":1074,"column":0},"end":{"line":1074,"column":102}},"1074":{"start":{"line":1075,"column":0},"end":{"line":1075,"column":9}},"1075":{"start":{"line":1076,"column":0},"end":{"line":1076,"column":5}},"1076":{"start":{"line":1077,"column":0},"end":{"line":1077,"column":0}},"1077":{"start":{"line":1078,"column":0},"end":{"line":1078,"column":40}},"1078":{"start":{"line":1079,"column":0},"end":{"line":1079,"column":50}},"1079":{"start":{"line":1080,"column":0},"end":{"line":1080,"column":48}},"1080":{"start":{"line":1081,"column":0},"end":{"line":1081,"column":5}},"1081":{"start":{"line":1082,"column":0},"end":{"line":1082,"column":63}},"1082":{"start":{"line":1083,"column":0},"end":{"line":1083,"column":49}},"1083":{"start":{"line":1084,"column":0},"end":{"line":1084,"column":1}},"1084":{"start":{"line":1085,"column":0},"end":{"line":1085,"column":0}},"1085":{"start":{"line":1086,"column":0},"end":{"line":1086,"column":43}},"1086":{"start":{"line":1087,"column":0},"end":{"line":1087,"column":40}},"1087":{"start":{"line":1088,"column":0},"end":{"line":1088,"column":0}},"1088":{"start":{"line":1089,"column":0},"end":{"line":1089,"column":0}},"1089":{"start":{"line":1090,"column":0},"end":{"line":1090,"column":39}},"1090":{"start":{"line":1091,"column":0},"end":{"line":1091,"column":73}},"1091":{"start":{"line":1092,"column":0},"end":{"line":1092,"column":47}},"1092":{"start":{"line":1093,"column":0},"end":{"line":1093,"column":16}},"1093":{"start":{"line":1094,"column":0},"end":{"line":1094,"column":117}},"1094":{"start":{"line":1095,"column":0},"end":{"line":1095,"column":9}},"1095":{"start":{"line":1096,"column":0},"end":{"line":1096,"column":5}},"1096":{"start":{"line":1097,"column":0},"end":{"line":1097,"column":0}},"1097":{"start":{"line":1098,"column":0},"end":{"line":1098,"column":39}},"1098":{"start":{"line":1099,"column":0},"end":{"line":1099,"column":77}},"1099":{"start":{"line":1100,"column":0},"end":{"line":1100,"column":5}},"1100":{"start":{"line":1101,"column":0},"end":{"line":1101,"column":40}},"1101":{"start":{"line":1102,"column":0},"end":{"line":1102,"column":0}},"1102":{"start":{"line":1103,"column":0},"end":{"line":1103,"column":181}},"1103":{"start":{"line":1104,"column":0},"end":{"line":1104,"column":47}},"1104":{"start":{"line":1105,"column":0},"end":{"line":1105,"column":5}},"1105":{"start":{"line":1106,"column":0},"end":{"line":1106,"column":0}},"1106":{"start":{"line":1107,"column":0},"end":{"line":1107,"column":81}},"1107":{"start":{"line":1108,"column":0},"end":{"line":1108,"column":0}},"1108":{"start":{"line":1109,"column":0},"end":{"line":1109,"column":49}},"1109":{"start":{"line":1110,"column":0},"end":{"line":1110,"column":1}},"1110":{"start":{"line":1111,"column":0},"end":{"line":1111,"column":0}},"1111":{"start":{"line":1112,"column":0},"end":{"line":1112,"column":43}}},"s":{"0":0,"1":0,"2":0,"3":0,"4":0,"5":0,"6":0,"7":0,"8":0,"9":0,"10":0,"11":0,"12":0,"13":0,"14":0,"15":0,"16":0,"17":0,"18":0,"19":0,"20":0,"21":0,"22":0,"23":0,"24":0,"25":0,"26":0,"27":0,"28":0,"29":0,"30":0,"31":0,"32":0,"33":0,"34":0,"35":0,"36":0,"37":0,"38":0,"39":0,"40":0,"41":0,"42":0,"43":0,"44":0,"45":0,"46":0,"47":0,"48":0,"49":0,"50":0,"51":0,"52":0,"53":0,"54":0,"55":0,"56":0,"57":0,"58":0,"59":0,"60":0,"61":0,"62":0,"63":0,"64":0,"65":0,"66":0,"67":0,"68":0,"69":0,"70":0,"71":0,"72":0,"73":0,"74":0,"75":0,"76":0,"77":0,"78":0,"79":0,"80":0,"81":0,"82":0,"83":0,"84":0,"85":0,"86":0,"87":0,"88":0,"89":0,"90":0,"91":0,"92":0,"93":0,"94":0,"95":0,"96":0,"97":0,"98":0,"99":0,"100":0,"101":0,"102":0,"103":0,"104":0,"105":0,"106":0,"107":0,"108":0,"109":0,"110":0,"111":0,"112":0,"113":0,"114":0,"115":0,"116":0,"117":0,"118":0,"119":0,"120":0,"121":0,"122":0,"123":0,"124":0,"125":0,"126":0,"127":0,"128":0,"129":0,"130":0,"131":0,"132":0,"133":0,"134":0,"135":0,"136":0,"137":0,"138":0,"139":0,"140":0,"141":0,"142":0,"143":0,"144":0,
[...]
,"/home/dany/Desktop/github-invariantcontinuum/graph/site/app/page.tsx": {"path":"/home/dany/Desktop/github-invariantcontinuum/graph/site/app/page.tsx","all":true,"statementMap":{"0":{"start":{"line":1,"column":0},"end":{"line":1,"column":34}},"2":{"start":{"line":3,"column":0},"end":{"line":3,"column":32}},"3":{"start":{"line":4,"column":0},"end":{"line":4,"column":22}},"4":{"start":{"line":5,"column":0},"end":{"line":5,"column":1}}},"s":{"0":0,"2":0,"3":0,"4":0},"branchMap":{"0":{"type":"branch","line":1,"loc":{"start":{"line":1,"column":93},"end":{"line":5,"column":1}},"locations":[{"start":{"line":1,"column":93},"end":{"line":5,"column":1}}]}},"b":{"0":[0]},"fnMap":{"0":{"name":"(empty-report)","decl":{"start":{"line":1,"column":93},"end":{"line":5,"column":1}},"loc":{"start":{"line":1,"column":93},"end":{"line":5,"column":1}},"line":1}},"f":{"0":0}}
,"/home/dany/Desktop/github-invariantcontinuum/graph/site/out/_next/static/AaTYGrIA-97e-u6Bkebhb/_buildManifest.js": {"path":"/home/dany/Desktop/github-invariantcontinuum/graph/site/out/_next/static/AaTYGrIA-97e-u6Bkebhb/_buildManifest.js","all":true,"statementMap":{"0":{"start":{"line":1,"column":0},"end":{"line":1,"column":477}}},"s":{"0":0},"branchMap":{"0":{"type":"branch","line":1,"loc":{"start":{"line":1,"column":0},"end":{"line":1,"column":477}},"locations":[{"start":{"line":1,"column":0},"end":{"line":1,"column":477}}]}},"b":{"0":[0]},"fnMap":{"0":{"name":"(empty-report)","decl":{"start":{"line":1,"column":0},"end":{"line":1,"column":477}},"loc":{"start":{"line":1,"column":0},"end":{"line":1,"column":477}},"line":1}},"f":{"0":0}}
,"/home/dany/Desktop/github-invariantcontinuum/graph/site/out/_next/static/AaTYGrIA-97e-u6Bkebhb/_ssgManifest.js": {"path":"/home/dany/Desktop/github-invariantcontinuum/graph/site/out/_next/static/AaTYGrIA-97e-u6Bkebhb/_ssgManifest.js","all":true,"statementMap":{"0":{"start":{"line":1,"column":0},"end":{"line":1,"column":80}}},"s":{"0":0},"branchMap":{"0":{"type":"branch","line":1,"loc":{"start":{"line":1,"column":0},"end":{"line":1,"column":80}},"locations":[{"start":{"line":1,"column":0},"end":{"line":1,"column":80}}]}},"b":{"0":[0]},"fnMap":{"0":{"name":"(empty-report)","decl":{"start":{"line":1,"column":0},"end":{"line":1,"column":80}},"loc":{"start":{"line":1,"column":0},"end":{"line":1,"column":80}},"line":1}},"f":{"0":0}}
,"/home/dany/Desktop/github-invariantcontinuum/graph/site/out/_next/static/chunks/134.cfc6dd3ca57e34a8.js": {"path":"/home/dany/Desktop/github-invariantcontinuum/graph/site/out/_next/static/chunks/134.cfc6dd3ca57e34a8.js","all":true,"statementMap":{"0":{"start":{"line":1,"column":0},"end":{"line":1,"column":4305}},"1":{"start":{"line":2,"column":0},"end":{"line":2,"column":5316}}},"s":{"0":0,"1":0},"branchMap":{"0":{"type":"branch","line":1,"loc":{"start":{"line":1,"column":0},"end":{"line":2,"column":5301}},"locations":[{"start":{"line":1,"column":0},"end":{"line":2,"column":5301}}]}},"b":{"0":[0]},"fnMap":{"0":{"name":"(empty-report)","decl":{"start":{"line":1,"column":0},"end":{"line":2,"column":5301}},"loc":{"start":{"line":1,"column":0},"end":{"line":2,"column":5301}},"line":1}},"f":{"0":0}}
,"/home/dany/Desktop/github-invariantcontinuum/graph/site/out/_next/static/chunks/4bd1b696-215e5051988c3dde.js": {"path":"/home/dany/Desktop/github-invariantcontinuum/graph/site/out/_next/static/chunks/4bd1b696-215e5051988c3dde.js","all":true,"statementMap":{"0":{"start":{"line":1,"column":0},"end":{"line":1,"column":199864}}},"s":{"0":0},"branchMap":{"0":{"type":"branch","line":1,"loc":{"start":{"line":1,"column":0},"end":{"line":1,"column":199443}},"locations":[{"start":{"line":1,"column":0},"end":{"line":1,"column":199443}}]}},"b":{"0":[0]},"fnMap":{"0":{"name":"(empty-report)","decl":{"start":{"line":1,"column":0},"end":{"line":1,"column":199443}},"loc":{"start":{"line":1,"column":0},"end":{"line":1,"column":199443}},"line":1}},"f":{"0":0}}
,"/home/dany/Desktop/github-invariantcontinuum/graph/site/out/_next/static/chunks/794-3f7c29fd1afc70a6.js": {"path":"/home/dany/Desktop/github-invariantcontinuum/graph/site/out/_next/static/chunks/794-3f7c29fd1afc70a6.js","all":true,"statementMap":{"0":{"start":{"line":1,"column":0},"end":{"line":1,"column":77178}},"1":{"start":{"line":2,"column":0},"end":{"line":2,"column":7}},"2":{"start":{"line":3,"column":0},"end":{"line":3,"column":24}},"3":{"start":{"line":4,"column":0},"end":{"line":4,"column":29}},"4":{"start":{"line":5,"column":0},"end":{"line":5,"column":30}},"5":{"start":{"line":6,"column":0},"end":{"line":6,"column":32}},"6":{"start":{"line":7,"column":0},"end":{"line":7,"column":31}},"7":{"start":{"line":8,"column":0},"end":{"line":8,"column":30}},"8":{"start":{"line":9,"column":0},"end":{"line":9,"column":31}},"9":{"start":{"line":10,"column":0},"end":{"line":10,"column":32}},"10":{"start":{"line":11,"column":0},"end":{"line":11,"column":43}},"11":{"start":{"line":12,"column":0},"end":{"line":12,"column":45}},"12":{"start":{"line":13,"column":0},"end":{"line":13,"column":64}},"13":{"start":{"line":14,"column":0},"end":{"line":14,"column":1}},"14":{"start":{"line":15,"column":0},"end":{"line":15,"column":37}},"15":{"start":{"line":16,"column":0},"end":{"line":16,"column":9}},"16":{"start":{"line":17,"column":0},"end":{"line":17,"column":29}},"17":{"start":{"line":18,"column":0},"end":{"line":18,"column":31}},"18":{"start":{"line":19,"column":0},"end":{"line":19,"column":32}},"19":{"start":{"line":20,"column":0},"end":{"line":20,"column":34}},"20":{"start":{"line":21,"column":0},"end":{"line":21,"column":33}},"21":{"start":{"line":22,"column":0},"end":{"line":22,"column":35}},"22":{"start":{"line":23,"column":0},"end":{"line":23,"column":33}},"23":{"start":{"line":24,"column":0},"end":{"line":24,"column":34}},"24":{"start":{"line":25,"column":0},"end":{"line":25,"column":45}},"25":{"start":{"line":26,"column":0},"end":{"line":26,"column":47}},"26":{"start":{"line":27,"column":0},"end":{"line":27,"column":72}},"27":{"start":{"line":28,"column":0},"end":{"line":28,"column":3}},"28":{"start":{"line":29,"column":0},"end":{"line":29,"column":1}},"29":{"start":{"line":30,"column":0},"end":{"line":30,"column":84}},"30":{"start":{"line":31,"column":0},"end":{"line":31,"column":74732}},"31":{"start":{"line":32,"column":0},"end":{"line":32,"column":69013}}},"s":{"0":0,"1":0,"2":0,"3":0,"4":0,"5":0,"6":0,"7":0,"8":0,"9":0,"10":0,"11":0,"12":0,"13":0,"14":0,"15":0,"16":0,"17":0,"18":0,"19":0,"20":0,"21":0,"22":0,"23":0,"24":0,"25":0,"26":0,"27":0,"28":0,"29":0,"30":0,"31":0},"branchMap":{"0":{"type":"branch","line":1,"loc":{"start":{"line":1,"column":0},"end":{"line":32,"column":68837}},"locations":[{"start":{"line":1,"column":0},"end":{"line":32,"column":68837}}]}},"b":{"0":[0]},"fnMap":{"0":{"name":"(empty-report)","decl":{"start":{"line":1,"column":0},"end":{"line":32,"column":68837}},"loc":{"start":{"line":1,"column":0},"end":{"line":32,"column":68837}},"line":1}},"f":{"0":0}}
,"/home/dany/Desktop/github-invariantcontinuum/graph/site/out/_next/static/chunks/869.fba323d7af95c989.js": {"path":"/home/dany/Desktop/github-invariantcontinuum/graph/site/out/_next/static/chunks/869.fba323d7af95c989.js","all":true,"statementMap":{"0":{"start":{"line":1,"column":0},"end":{"line":1,"column":4740}},"1":{"start":{"line":2,"column":0},"end":{"line":2,"column":12101}}},"s":{"0":0,"1":0},"branchMap":{"0":{"type":"branch","line":1,"loc":{"start":{"line":1,"column":0},"end":{"line":2,"column":12088}},"locations":[{"start":{"line":1,"column":0},"end":{"line":2,"column":12088}}]}},"b":{"0":[0]},"fnMap":{"0":{"name":"(empty-report)","decl":{"start":{"line":1,"column":0},"end":{"line":2,"column":12088}},"loc":{"start":{"line":1,"column":0},"end":{"line":2,"column":12088}},"line":1}},"f":{"0":0}}
,"/home/dany/Desktop/github-invariantcontinuum/graph/site/out/_next/static/chunks/framework-93cda6578f6c76ec.js": {"path":"/home/dany/Desktop/github-invariantcontinuum/graph/site/out/_next/static/chunks/framework-93cda6578f6c76ec.js","all":true,"statementMap":{"0":{"start":{"line":1,"column":0},"end":{"line":1,"column":189678}}},"s":{"0":0},"branchMap":{"0":{"type":"branch","line":1,"loc":{"start":{"line":1,"column":0},"end":{"line":1,"column":189299}},"locations":[{"start":{"line":1,"column":0},"end":{"line":1,"column":189299}}]}},"b":{"0":[0]},"fnMap":{"0":{"name":"(empty-report)","decl":{"start":{"line":1,"column":0},"end":{"line":1,"column":189299}},"loc":{"start":{"line":1,"column":0},"end":{"line":1,"column":189299}},"line":1}},"f":{"0":0}}
,"/home/dany/Desktop/github-invariantcontinuum/graph/site/out/_next/static/chunks/main-9652da4e021bd372.js": {"path":"/home/dany/Desktop/github-invariantcontinuum/graph/site/out/_next/static/chunks/main-9652da4e021bd372.js","all":true,"statementMap":{"0":{"start":{"line":1,"column":0},"end":{"line":1,"column":17849}},"1":{"start":{"line":2,"column":0},"end":{"line":2,"column":41}},"2":{"start":{"line":3,"column":0},"end":{"line":3,"column":40}},"3":{"start":{"line":4,"column":0},"end":{"line":4,"column":52939}},"4":{"start":{"line":5,"column":0},"end":{"line":5,"column":65870}}},"s":{"0":0,"1":0,"2":0,"3":0,"4":0},"branchMap":{"0":{"type":"branch","line":1,"loc":{"start":{"line":1,"column":0},"end":{"line":5,"column":65767}},"locations":[{"start":{"line":1,"column":0},"end":{"line":5,"column":65767}}]}},"b":{"0":[0]},"fnMap":{"0":{"name":"(empty-report)","decl":{"start":{"line":1,"column":0},"end":{"line":5,"column":65767}},"loc":{"start":{"line":1,"column":0},"end":{"line":5,"column":65767}},"line":1}},"f":{"0":0}}
,"/home/dany/Desktop/github-invariantcontinuum/graph/site/out/_next/static/chunks/main-app-43f77551d69c190d.js": {"path":"/home/dany/Desktop/github-invariantcontinuum/graph/site/out/_next/static/chunks/main-app-43f77551d69c190d.js","all":true,"statementMap":{"0":{"start":{"line":1,"column":0},"end":{"line":1,"column":513}}},"s":{"0":0},"branchMap":{"0":{"type":"branch","line":1,"loc":{"start":{"line":1,"column":0},"end":{"line":1,"column":513}},"locations":[{"start":{"line":1,"column":0},"end":{"line":1,"column":513}}]}},"b":{"0":[0]},"fnMap":{"0":{"name":"(empty-report)","decl":{"start":{"line":1,"column":0},"end":{"line":1,"column":513}},"loc":{"start":{"line":1,"column":0},"end":{"line":1,"column":513}},"line":1}},"f":{"0":0}}
,"/home/dany/Desktop/github-invariantcontinuum/graph/site/out/_next/static/chunks/polyfills-42372ed130431b0a.js": {"path":"/home/dany/Desktop/github-invariantcontinuum/graph/site/out/_next/static/chunks/polyfills-42372ed130431b0a.js","all":true,"statementMap":{"0":{"start":{"line":1,"column":0},"end":{"line":1,"column":112540}}},"s":{"0":0},"branchMap":{"0":{"type":"branch","line":1,"loc":{"start":{"line":1,"column":0},"end":{"line":1,"column":112413}},"locations":[{"start":{"line":1,"column":0},"end":{"line":1,"column":112413}}]}},"b":{"0":[0]},"fnMap":{"0":{"name":"(empty-report)","decl":{"start":{"line":1,"column":0},"end":{"line":1,"column":112413}},"loc":{"start":{"line":1,"column":0},"end":{"line":1,"column":112413}},"line":1}},"f":{"0":0}}
,"/home/dany/Desktop/github-invariantcontinuum/graph/site/out/_next/static/chunks/webpack-35411c476db9245d.js": {"path":"/home/dany/Desktop/github-invariantcontinuum/graph/site/out/_next/static/chunks/webpack-35411c476db9245d.js","all":true,"statementMap":{"0":{"start":{"line":1,"column":0},"end":{"line":1,"column":3657}}},"s":{"0":0},"branchMap":{"0":{"type":"branch","line":1,"loc":{"start":{"line":1,"column":0},"end":{"line":1,"column":3652}},"locations":[{"start":{"line":1,"column":0},"end":{"line":1,"column":3652}}]}},"b":{"0":[0]},"fnMap":{"0":{"name":"(empty-report)","decl":{"start":{"line":1,"column":0},"end":{"line":1,"column":3652}},"loc":{"start":{"line":1,"column":0},"end":{"line":1,"column":3652}},"line":1}},"f":{"0":0}}
,"/home/dany/Desktop/github-invariantcontinuum/graph/site/out/_next/static/chunks/app/layout-49d07bd707bf075e.js": {"path":"/home/dany/Desktop/github-invariantcontinuum/graph/site/out/_next/static/chunks/app/layout-49d07bd707bf075e.js","all":true,"statementMap":{"0":{"start":{"line":1,"column":0},"end":{"line":1,"column":589}}},"s":{"0":0},"branchMap":{"0":{"type":"branch","line":1,"loc":{"start":{"line":1,"column":0},"end":{"line":1,"column":589}},"locations":[{"start":{"line":1,"column":0},"end":{"line":1,"column":589}}]}},"b":{"0":[0]},"fnMap":{"0":{"name":"(empty-report)","decl":{"start":{"line":1,"column":0},"end":{"line":1,"column":589}},"loc":{"start":{"line":1,"column":0},"end":{"line":1,"column":589}},"line":1}},"f":{"0":0}}
,"/home/dany/Desktop/github-invariantcontinuum/graph/site/out/_next/static/chunks/app/page-7fbc7b26a75021b2.js": {"path":"/home/dany/Desktop/github-invariantcontinuum/graph/site/out/_next/static/chunks/app/page-7fbc7b26a75021b2.js","all":true,"statementMap":{"0":{"start":{"line":1,"column":0},"end":{"line":1,"column":42622}}},"s":{"0":0},"branchMap":{"0":{"type":"branch","line":1,"loc":{"start":{"line":1,"column":0},"end":{"line":1,"column":42595}},"locations":[{"start":{"line":1,"column":0},"end":{"line":1,"column":42595}}]}},"b":{"0":[0]},"fnMap":{"0":{"name":"(empty-report)","decl":{"start":{"line":1,"column":0},"end":{"line":1,"column":42595}},"loc":{"start":{"line":1,"column":0},"end":{"line":1,"column":42595}},"line":1}},"f":{"0":0}}
,"/home/dany/Desktop/github-invariantcontinuum/graph/site/out/_next/static/chunks/app/_global-error/page-aba28f88d5781771.js": {"path":"/home/dany/Desktop/github-invariantcontinuum/graph/site/out/_next/static/chunks/app/_global-error/page-aba28f88d5781771.js","all":true,"statementMap":{"0":{"start":{"line":1,"column":0},"end":{"line":1,"column":147}}},"s":{"0":0},"branchMap":{"0":{"type":"branch","line":1,"loc":{"start":{"line":1,"column":0},"end":{"line":1,"column":147}},"locations":[{"start":{"line":1,"column":0},"end":{"line":1,"column":147}}]}},"b":{"0":[0]},"fnMap":{"0":{"name":"(empty-report)","decl":{"start":{"line":1,"column":0},"end":{"line":1,"column":147}},"loc":{"start":{"line":1,"column":0},"end":{"line":1,"column":147}},"line":1}},"f":{"0":0}}
,"/home/dany/Desktop/github-invariantcontinuum/graph/site/out/_next/static/chunks/app/_not-found/page-bb7e6783c524072e.js": {"path":"/home/dany/Desktop/github-invariantcontinuum/graph/site/out/_next/static/chunks/app/_not-found/page-bb7e6783c524072e.js","all":true,"statementMap":{"0":{"start":{"line":1,"column":0},"end":{"line":1,"column":2667}}},"s":{"0":0},"branchMap":{"0":{"type":"branch","line":1,"loc":{"start":{"line":1,"column":0},"end":{"line":1,"column":2667}},"locations":[{"start":{"line":1,"column":0},"end":{"line":1,"column":2667}}]}},"b":{"0":[0]},"fnMap":{"0":{"name":"(empty-report)","decl":{"start":{"line":1,"column":0},"end":{"line":1,"column":2667}},"loc":{"start":{"line":1,"column":0},"end":{"line":1,"column":2667}},"line":1}},"f":{"0":0}}
,"/home/dany/Desktop/github-invariantcontinuum/graph/site/out/_next/static/chunks/next/dist/client/components/builtin/app-error-aba28f88d5781771.js": {"path":"/home/dany/Desktop/github-invariantcontinuum/graph/site/out/_next/static/chunks/next/dist/client/components/builtin/app-error-aba28f88d5781771.js","all":true,"statementMap":{"0":{"start":{"line":1,"column":0},"end":{"line":1,"column":147}}},"s":{"0":0},"branchMap":{"0":{"type":"branch","line":1,"loc":{"start":{"line":1,"column":0},"end":{"line":1,"column":147}},"locations":[{"start":{"line":1,"column":0},"end":{"line":1,"column":147}}]}},"b":{"0":[0]},"fnMap":{"0":{"name":"(empty-report)","decl":{"start":{"line":1,"column":0},"end":{"line":1,"column":147}},"loc":{"start":{"line":1,"column":0},"end":{"line":1,"column":147}},"line":1}},"f":{"0":0}}
,"/home/dany/Desktop/github-invariantcontinuum/graph/site/out/_next/static/chunks/next/dist/client/components/builtin/forbidden-aba28f88d5781771.js": {"path":"/home/dany/Desktop/github-invariantcontinuum/graph/site/out/_next/static/chunks/next/dist/client/components/builtin/forbidden-aba28f88d5781771.js","all":true,"statementMap":{"0":{"start":{"line":1,"column":0},"end":{"line":1,"column":147}}},"s":{"0":0},"branchMap":{"0":{"type":"branch","line":1,"loc":{"start":{"line":1,"column":0},"end":{"line":1,"column":147}},"locations":[{"start":{"line":1,"column":0},"end":{"line":1,"column":147}}]}},"b":{"0":[0]},"fnMap":{"0":{"name":"(empty-report)","decl":{"start":{"line":1,"column":0},"end":{"line":1,"column":147}},"loc":{"start":{"line":1,"column":0},"end":{"line":1,"column":147}},"line":1}},"f":{"0":0}}
,"/home/dany/Desktop/github-invariantcontinuum/graph/site/out/_next/static/chunks/next/dist/client/components/builtin/global-error-ac3b9079e4c5c1be.js": {"path":"/home/dany/Desktop/github-invariantcontinuum/graph/site/out/_next/static/chunks/next/dist/client/components/builtin/global-error-ac3b9079e4c5c1be.js","all":true,"statementMap":{"0":{"start":{"line":1,"column":0},"end":{"line":1,"column":177}}},"s":{"0":0},"branchMap":{"0":{"type":"branch","line":1,"loc":{"start":{"line":1,"column":0},"end":{"line":1,"column":177}},"locations":[{"start":{"line":1,"column":0},"end":{"line":1,"column":177}}]}},"b":{"0":[0]},"fnMap":{"0":{"name":"(empty-report)","decl":{"start":{"line":1,"column":0},"end":{"line":1,"column":177}},"loc":{"start":{"line":1,"column":0},"end":{"line":1,"column":177}},"line":1}},"f":{"0":0}}
,"/home/dany/Desktop/github-invariantcontinuum/graph/site/out/_next/static/chunks/next/dist/client/components/builtin/not-found-aba28f88d5781771.js": {"path":"/home/dany/Desktop/github-invariantcontinuum/graph/site/out/_next/static/chunks/next/dist/client/components/builtin/not-found-aba28f88d5781771.js","all":true,"statementMap":{"0":{"start":{"line":1,"column":0},"end":{"line":1,"column":147}}},"s":{"0":0},"branchMap":{"0":{"type":"branch","line":1,"loc":{"start":{"line":1,"column":0},"end":{"line":1,"column":147}},"locations":[{"start":{"line":1,"column":0},"end":{"line":1,"column":147}}]}},"b":{"0":[0]},"fnMap":{"0":{"name":"(empty-report)","decl":{"start":{"line":1,"column":0},"end":{"line":1,"column":147}},"loc":{"start":{"line":1,"column":0},"end":{"line":1,"column":147}},"line":1}},"f":{"0":0}}
,"/home/dany/Desktop/github-invariantcontinuum/graph/site/out/_next/static/chunks/next/dist/client/components/builtin/unauthorized-aba28f88d5781771.js": {"path":"/home/dany/Desktop/github-invariantcontinuum/graph/site/out/_next/static/chunks/next/dist/client/components/builtin/unauthorized-aba28f88d5781771.js","all":true,"statementMap":{"0":{"start":{"line":1,"column":0},"end":{"line":1,"column":147}}},"s":{"0":0},"branchMap":{"0":{"type":"branch","line":1,"loc":{"start":{"line":1,"column":0},"end":{"line":1,"column":147}},"locations":[{"start":{"line":1,"column":0},"end":{"line":1,"column":147}}]}},"b":{"0":[0]},"fnMap":{"0":{"name":"(empty-report)","decl":{"start":{"line":1,"column":0},"end":{"line":1,"column":147}},"loc":{"start":{"line":1,"column":0},"end":{"line":1,"column":147}},"line":1}},"f":{"0":0}}
}
